2022-02-01 00:02:18.412  INFO 210145 --- [AsyncResolver-bootstrap-executor-0] c.n.d.s.r.aws.ConfigClusterResolver      : Resolving eureka endpoints via configuration
2022-02-01 00:07:18.418  INFO 210145 --- [AsyncResolver-bootstrap-executor-0] c.n.d.s.r.aws.ConfigClusterResolver      : Resolving eureka endpoints via configuration
2022-02-01 00:12:18.419  INFO 210145 --- [AsyncResolver-bootstrap-executor-0] c.n.d.s.r.aws.ConfigClusterResolver      : Resolving eureka endpoints via configuration
2022-02-01 00:17:18.421  INFO 210145 --- [AsyncResolver-bootstrap-executor-0] c.n.d.s.r.aws.ConfigClusterResolver      : Resolving eureka endpoints via configuration
2022-02-01 00:22:18.421  INFO 210145 --- [AsyncResolver-bootstrap-executor-0] c.n.d.s.r.aws.ConfigClusterResolver      : Resolving eureka endpoints via configuration
2022-02-01 00:27:18.422  INFO 210145 --- [AsyncResolver-bootstrap-executor-0] c.n.d.s.r.aws.ConfigClusterResolver      : Resolving eureka endpoints via configuration
2022-02-01 00:32:18.423  INFO 210145 --- [AsyncResolver-bootstrap-executor-0] c.n.d.s.r.aws.ConfigClusterResolver      : Resolving eureka endpoints via configuration
2022-02-01 00:37:18.423  INFO 210145 --- [AsyncResolver-bootstrap-executor-0] c.n.d.s.r.aws.ConfigClusterResolver      : Resolving eureka endpoints via configuration
2022-02-01 00:42:18.424  INFO 210145 --- [AsyncResolver-bootstrap-executor-0] c.n.d.s.r.aws.ConfigClusterResolver      : Resolving eureka endpoints via configuration
2022-02-01 00:47:18.426  INFO 210145 --- [AsyncResolver-bootstrap-executor-0] c.n.d.s.r.aws.ConfigClusterResolver      : Resolving eureka endpoints via configuration
2022-02-01 00:52:18.428  INFO 210145 --- [AsyncResolver-bootstrap-executor-0] c.n.d.s.r.aws.ConfigClusterResolver      : Resolving eureka endpoints via configuration
2022-02-01 07:00:18.945  INFO 210145 --- [AsyncResolver-bootstrap-executor-0] c.n.d.s.r.aws.ConfigClusterResolver      : Resolving eureka endpoints via configuration
2022-02-01 07:05:18.947  INFO 210145 --- [AsyncResolver-bootstrap-executor-0] c.n.d.s.r.aws.ConfigClusterResolver      : Resolving eureka endpoints via configuration
2022-02-01 07:10:18.948  INFO 210145 --- [AsyncResolver-bootstrap-executor-0] c.n.d.s.r.aws.ConfigClusterResolver      : Resolving eureka endpoints via configuration
2022-02-01 07:15:18.949  INFO 210145 --- [AsyncResolver-bootstrap-executor-0] c.n.d.s.r.aws.ConfigClusterResolver      : Resolving eureka endpoints via configuration
2022-02-01 07:20:18.950  INFO 210145 --- [AsyncResolver-bootstrap-executor-0] c.n.d.s.r.aws.ConfigClusterResolver      : Resolving eureka endpoints via configuration
2022-02-01 07:25:18.952  INFO 210145 --- [AsyncResolver-bootstrap-executor-0] c.n.d.s.r.aws.ConfigClusterResolver      : Resolving eureka endpoints via configuration
2022-02-01 07:29:31.402  INFO 210145 --- [SpringApplicationShutdownHook] o.s.c.n.e.s.EurekaServiceRegistry        : Unregistering application VR-USER-SERVICE with eureka with status DOWN
2022-02-01 07:29:31.402  INFO 210145 --- [SpringApplicationShutdownHook] com.netflix.discovery.DiscoveryClient    : Saw local status change event StatusChangeEvent [timestamp=1643722171402, current=DOWN, previous=UP]
2022-02-01 07:29:31.402  INFO 210145 --- [DiscoveryClient-InstanceInfoReplicator-0] com.netflix.discovery.DiscoveryClient    : DiscoveryClient_VR-USER-SERVICE/172.17.16.179:VR-USER-SERVICE:8011: registering service...
2022-02-01 07:29:31.408  INFO 210145 --- [DiscoveryClient-InstanceInfoReplicator-0] com.netflix.discovery.DiscoveryClient    : DiscoveryClient_VR-USER-SERVICE/172.17.16.179:VR-USER-SERVICE:8011 - registration status: 204
2022-02-01 07:29:31.418  INFO 210145 --- [SpringApplicationShutdownHook] j.LocalContainerEntityManagerFactoryBean : Closing JPA EntityManagerFactory for persistence unit 'default'
2022-02-01 07:29:31.419  INFO 210145 --- [SpringApplicationShutdownHook] .SchemaDropperImpl$DelayedDropActionImpl : HHH000477: Starting delayed evictData of schema as part of SessionFactory shut-down'
2022-02-01 07:29:31.423  INFO 210145 --- [SpringApplicationShutdownHook] com.zaxxer.hikari.HikariDataSource       : HikariPool-1 - Shutdown initiated...
2022-02-01 07:29:31.425  INFO 210145 --- [SpringApplicationShutdownHook] com.zaxxer.hikari.HikariDataSource       : HikariPool-1 - Shutdown completed.
2022-02-01 07:29:31.425  INFO 210145 --- [SpringApplicationShutdownHook] com.netflix.discovery.DiscoveryClient    : Shutting down DiscoveryClient ...
2022-02-01 07:29:34.450  INFO 210145 --- [SpringApplicationShutdownHook] com.netflix.discovery.DiscoveryClient    : Unregistering ...
2022-02-01 07:29:34.458  INFO 210145 --- [SpringApplicationShutdownHook] com.netflix.discovery.DiscoveryClient    : DiscoveryClient_VR-USER-SERVICE/172.17.16.179:VR-USER-SERVICE:8011 - deregister  status: 200
2022-02-01 07:29:34.527  INFO 210145 --- [SpringApplicationShutdownHook] com.netflix.discovery.DiscoveryClient    : Completed shut down of DiscoveryClient
2022-02-01 07:29:41.937  INFO 218165 --- [main] c.c.v.r.u.UserServiceApplication         : Starting UserServiceApplication using Java 17.0.1 on tsitotaw with PID 218165 (/home/tsitotaw/Documents/Solutions/microservices/video-rating/user-service/target/classes started by tsitotaw in /home/tsitotaw/Documents/Solutions/microservices/video-rating/user-service)
2022-02-01 07:29:41.941  INFO 218165 --- [main] c.c.v.r.u.UserServiceApplication         : No active profile set, falling back to default profiles: default
2022-02-01 07:29:42.670  INFO 218165 --- [main] .s.d.r.c.RepositoryConfigurationDelegate : Bootstrapping Spring Data JPA repositories in DEFAULT mode.
2022-02-01 07:29:42.723  INFO 218165 --- [main] .s.d.r.c.RepositoryConfigurationDelegate : Finished Spring Data repository scanning in 47 ms. Found 2 JPA repository interfaces.
2022-02-01 07:29:42.917  INFO 218165 --- [main] o.s.cloud.context.scope.GenericScope     : BeanFactory id=a8c69605-e40b-3a5c-8dbe-e45af2312660
2022-02-01 07:29:43.369  INFO 218165 --- [main] o.s.b.w.embedded.tomcat.TomcatWebServer  : Tomcat initialized with port(s): 8011 (http)
2022-02-01 07:29:43.376  INFO 218165 --- [main] o.apache.catalina.core.StandardService   : Starting service [Tomcat]
2022-02-01 07:29:43.376  INFO 218165 --- [main] org.apache.catalina.core.StandardEngine  : Starting Servlet engine: [Apache Tomcat/9.0.56]
2022-02-01 07:29:43.482  INFO 218165 --- [main] o.a.c.c.C.[Tomcat].[localhost].[/]       : Initializing Spring embedded WebApplicationContext
2022-02-01 07:29:43.482  INFO 218165 --- [main] w.s.c.ServletWebServerApplicationContext : Root WebApplicationContext: initialization completed in 1478 ms
2022-02-01 07:29:43.525  INFO 218165 --- [main] com.zaxxer.hikari.HikariDataSource       : HikariPool-1 - Starting...
2022-02-01 07:29:43.603  INFO 218165 --- [main] com.zaxxer.hikari.HikariDataSource       : HikariPool-1 - Start completed.
2022-02-01 07:29:43.614  INFO 218165 --- [main] o.s.b.a.h2.H2ConsoleAutoConfiguration    : H2 console available at '/h2-console'. Database available at 'jdbc:h2:mem:userdb'
2022-02-01 07:29:43.764  INFO 218165 --- [main] o.hibernate.jpa.internal.util.LogHelper  : HHH000204: Processing PersistenceUnitInfo [name: default]
2022-02-01 07:29:43.827  INFO 218165 --- [main] org.hibernate.Version                    : HHH000412: Hibernate ORM core version 5.6.4.Final
2022-02-01 07:29:44.015  INFO 218165 --- [main] o.hibernate.annotations.common.Version   : HCANN000001: Hibernate Commons Annotations {5.1.2.Final}
2022-02-01 07:29:44.122  INFO 218165 --- [main] org.hibernate.dialect.Dialect            : HHH000400: Using dialect: org.hibernate.dialect.H2Dialect
2022-02-01 07:29:44.668  INFO 218165 --- [main] o.h.e.t.j.p.i.JtaPlatformInitiator       : HHH000490: Using JtaPlatform implementation: [org.hibernate.engine.transaction.jta.platform.internal.NoJtaPlatform]
2022-02-01 07:29:44.673  INFO 218165 --- [main] j.LocalContainerEntityManagerFactoryBean : Initialized JPA EntityManagerFactory for persistence unit 'default'
2022-02-01 07:29:44.686  INFO 218165 --- [main] f.a.AutowiredAnnotationBeanPostProcessor : Autowired annotation is not supported on static fields: private static final org.slf4j.Logger com.cs544.video.rating.userservice.aop.UserAspect.logger
2022-02-01 07:29:45.182  WARN 218165 --- [main] JpaBaseConfiguration$JpaWebConfiguration : spring.jpa.open-in-view is enabled by default. Therefore, database queries may be performed during view rendering. Explicitly configure spring.jpa.open-in-view to disable this warning
2022-02-01 07:29:45.771  INFO 218165 --- [main] DiscoveryClientOptionalArgsConfiguration : Eureka HTTP Client uses RestTemplate.
2022-02-01 07:29:45.897  WARN 218165 --- [main] iguration$LoadBalancerCaffeineWarnLogger : Spring Cloud LoadBalancer is currently working with the default cache. You can switch to using Caffeine cache, by adding it and org.springframework.cache.caffeine.CaffeineCacheManager to the classpath.
2022-02-01 07:29:45.994  INFO 218165 --- [main] o.s.c.n.eureka.InstanceInfoFactory       : Setting initial instance status as: STARTING
2022-02-01 07:29:46.042  INFO 218165 --- [main] com.netflix.discovery.DiscoveryClient    : Initializing Eureka in region us-east-1
2022-02-01 07:29:46.046  INFO 218165 --- [main] c.n.d.s.r.aws.ConfigClusterResolver      : Resolving eureka endpoints via configuration
2022-02-01 07:29:46.086  INFO 218165 --- [main] com.netflix.discovery.DiscoveryClient    : Disable delta property : false
2022-02-01 07:29:46.086  INFO 218165 --- [main] com.netflix.discovery.DiscoveryClient    : Single vip registry refresh property : null
2022-02-01 07:29:46.087  INFO 218165 --- [main] com.netflix.discovery.DiscoveryClient    : Force full registry fetch : false
2022-02-01 07:29:46.087  INFO 218165 --- [main] com.netflix.discovery.DiscoveryClient    : Application is null : false
2022-02-01 07:29:46.087  INFO 218165 --- [main] com.netflix.discovery.DiscoveryClient    : Registered Applications size is zero : true
2022-02-01 07:29:46.087  INFO 218165 --- [main] com.netflix.discovery.DiscoveryClient    : Application version is -1: true
2022-02-01 07:29:46.087  INFO 218165 --- [main] com.netflix.discovery.DiscoveryClient    : Getting all instance registry info from the eureka server
2022-02-01 07:29:46.463  INFO 218165 --- [main] com.netflix.discovery.DiscoveryClient    : The response status is 200
2022-02-01 07:29:46.468  INFO 218165 --- [main] com.netflix.discovery.DiscoveryClient    : Starting heartbeat executor: renew interval is: 30
2022-02-01 07:29:46.474  INFO 218165 --- [main] c.n.discovery.InstanceInfoReplicator     : InstanceInfoReplicator onDemand update allowed rate per min is 4
2022-02-01 07:29:46.486  INFO 218165 --- [main] com.netflix.discovery.DiscoveryClient    : Discovery Client initialized at timestamp 1643722186485 with initial instances count: 4
2022-02-01 07:29:46.493  INFO 218165 --- [main] o.s.c.n.e.s.EurekaServiceRegistry        : Registering application VR-USER-SERVICE with eureka with status UP
2022-02-01 07:29:46.494  INFO 218165 --- [main] com.netflix.discovery.DiscoveryClient    : Saw local status change event StatusChangeEvent [timestamp=1643722186494, current=UP, previous=STARTING]
2022-02-01 07:29:46.495  INFO 218165 --- [DiscoveryClient-InstanceInfoReplicator-0] com.netflix.discovery.DiscoveryClient    : DiscoveryClient_VR-USER-SERVICE/172.17.16.179:VR-USER-SERVICE:8011: registering service...
2022-02-01 07:29:46.512  INFO 218165 --- [main] o.s.b.w.embedded.tomcat.TomcatWebServer  : Tomcat started on port(s): 8011 (http) with context path ''
2022-02-01 07:29:46.513  INFO 218165 --- [main] .s.c.n.e.s.EurekaAutoServiceRegistration : Updating port to 8011
2022-02-01 07:29:46.529  INFO 218165 --- [main] c.c.v.r.u.UserServiceApplication         : Started UserServiceApplication in 5.271 seconds (JVM running for 6.179)
2022-02-01 07:29:46.532  INFO 218165 --- [main] c.c.v.rating.userservice.aop.UserAspect  : the following User endpoint is hit - saveUser
2022-02-01 07:29:46.537  INFO 218165 --- [DiscoveryClient-InstanceInfoReplicator-0] com.netflix.discovery.DiscoveryClient    : DiscoveryClient_VR-USER-SERVICE/172.17.16.179:VR-USER-SERVICE:8011 - registration status: 204
2022-02-01 07:29:46.595  INFO 218165 --- [main] c.c.v.rating.userservice.aop.UserAspect  : the following User endpoint is hit - saveUser
2022-02-01 07:29:46.597  INFO 218165 --- [main] c.c.v.rating.userservice.aop.UserAspect  : the following User endpoint is hit - saveUser
2022-02-01 07:29:46.600  INFO 218165 --- [main] c.c.v.rating.userservice.aop.UserAspect  : the following User endpoint is hit - saveUserRating
2022-02-01 07:29:46.617  INFO 218165 --- [main] c.c.v.rating.userservice.aop.UserAspect  : the following User endpoint is hit - saveUserRating
2022-02-01 07:29:46.621  INFO 218165 --- [main] c.c.v.rating.userservice.aop.UserAspect  : the following User endpoint is hit - saveUserRating
2022-02-01 07:30:51.391  INFO 218165 --- [http-nio-8011-exec-1] o.a.c.c.C.[Tomcat].[localhost].[/]       : Initializing Spring DispatcherServlet 'dispatcherServlet'
2022-02-01 07:30:51.392  INFO 218165 --- [http-nio-8011-exec-1] o.s.web.servlet.DispatcherServlet        : Initializing Servlet 'dispatcherServlet'
2022-02-01 07:30:51.394  INFO 218165 --- [http-nio-8011-exec-1] o.s.web.servlet.DispatcherServlet        : Completed initialization in 2 ms
2022-02-01 07:30:51.430  INFO 218165 --- [http-nio-8011-exec-1] c.c.v.rating.userservice.aop.UserAspect  : the following User endpoint is hit - getAll
2022-02-01 07:30:54.377  INFO 218165 --- [http-nio-8011-exec-2] c.c.v.rating.userservice.aop.UserAspect  : the following User endpoint is hit - getUserRatingByIdWithVideo
2022-02-01 07:30:54.395  INFO 218165 --- [http-nio-8011-exec-2] c.c.v.rating.userservice.aop.UserAspect  : Time to execute getUserRatingByIdWithVideo = 18
2022-02-01 07:31:00.183  INFO 218165 --- [http-nio-8011-exec-3] c.c.v.rating.userservice.aop.UserAspect  : the following User endpoint is hit - getUserRatingByIdWithVideo
2022-02-01 07:31:00.188  INFO 218165 --- [http-nio-8011-exec-3] c.c.v.rating.userservice.aop.UserAspect  : Time to execute getUserRatingByIdWithVideo = 5
2022-02-01 07:31:49.112  INFO 218165 --- [SpringApplicationShutdownHook] o.s.c.n.e.s.EurekaServiceRegistry        : Unregistering application VR-USER-SERVICE with eureka with status DOWN
2022-02-01 07:31:49.114  INFO 218165 --- [SpringApplicationShutdownHook] com.netflix.discovery.DiscoveryClient    : Saw local status change event StatusChangeEvent [timestamp=1643722309114, current=DOWN, previous=UP]
2022-02-01 07:31:49.116  INFO 218165 --- [DiscoveryClient-InstanceInfoReplicator-0] com.netflix.discovery.DiscoveryClient    : DiscoveryClient_VR-USER-SERVICE/172.17.16.179:VR-USER-SERVICE:8011: registering service...
2022-02-01 07:31:49.121  INFO 218165 --- [DiscoveryClient-InstanceInfoReplicator-0] com.netflix.discovery.DiscoveryClient    : DiscoveryClient_VR-USER-SERVICE/172.17.16.179:VR-USER-SERVICE:8011 - registration status: 204
2022-02-01 07:31:49.150  INFO 218165 --- [SpringApplicationShutdownHook] j.LocalContainerEntityManagerFactoryBean : Closing JPA EntityManagerFactory for persistence unit 'default'
2022-02-01 07:31:49.150  INFO 218165 --- [SpringApplicationShutdownHook] .SchemaDropperImpl$DelayedDropActionImpl : HHH000477: Starting delayed evictData of schema as part of SessionFactory shut-down'
2022-02-01 07:31:49.162  INFO 218165 --- [SpringApplicationShutdownHook] com.zaxxer.hikari.HikariDataSource       : HikariPool-1 - Shutdown initiated...
2022-02-01 07:31:49.165  INFO 218165 --- [SpringApplicationShutdownHook] com.zaxxer.hikari.HikariDataSource       : HikariPool-1 - Shutdown completed.
2022-02-01 07:31:49.166  INFO 218165 --- [SpringApplicationShutdownHook] com.netflix.discovery.DiscoveryClient    : Shutting down DiscoveryClient ...
2022-02-01 07:31:52.186  INFO 218165 --- [SpringApplicationShutdownHook] com.netflix.discovery.DiscoveryClient    : Unregistering ...
2022-02-01 07:31:52.193  INFO 218165 --- [SpringApplicationShutdownHook] com.netflix.discovery.DiscoveryClient    : DiscoveryClient_VR-USER-SERVICE/172.17.16.179:VR-USER-SERVICE:8011 - deregister  status: 200
2022-02-01 07:31:52.267  INFO 218165 --- [SpringApplicationShutdownHook] com.netflix.discovery.DiscoveryClient    : Completed shut down of DiscoveryClient
2022-02-01 07:31:58.209  INFO 218579 --- [main] c.c.v.r.u.UserServiceApplication         : Starting UserServiceApplication using Java 17.0.1 on tsitotaw with PID 218579 (/home/tsitotaw/Documents/Solutions/microservices/video-rating/user-service/target/classes started by tsitotaw in /home/tsitotaw/Documents/Solutions/microservices/video-rating/user-service)
2022-02-01 07:31:58.213  INFO 218579 --- [main] c.c.v.r.u.UserServiceApplication         : No active profile set, falling back to default profiles: default
2022-02-01 07:31:58.992  INFO 218579 --- [main] .s.d.r.c.RepositoryConfigurationDelegate : Bootstrapping Spring Data JPA repositories in DEFAULT mode.
2022-02-01 07:31:59.049  INFO 218579 --- [main] .s.d.r.c.RepositoryConfigurationDelegate : Finished Spring Data repository scanning in 50 ms. Found 2 JPA repository interfaces.
2022-02-01 07:31:59.244  INFO 218579 --- [main] o.s.cloud.context.scope.GenericScope     : BeanFactory id=a8c69605-e40b-3a5c-8dbe-e45af2312660
2022-02-01 07:31:59.695  INFO 218579 --- [main] o.s.b.w.embedded.tomcat.TomcatWebServer  : Tomcat initialized with port(s): 8011 (http)
2022-02-01 07:31:59.701  INFO 218579 --- [main] o.apache.catalina.core.StandardService   : Starting service [Tomcat]
2022-02-01 07:31:59.701  INFO 218579 --- [main] org.apache.catalina.core.StandardEngine  : Starting Servlet engine: [Apache Tomcat/9.0.56]
2022-02-01 07:31:59.821  INFO 218579 --- [main] o.a.c.c.C.[Tomcat].[localhost].[/]       : Initializing Spring embedded WebApplicationContext
2022-02-01 07:31:59.821  INFO 218579 --- [main] w.s.c.ServletWebServerApplicationContext : Root WebApplicationContext: initialization completed in 1536 ms
2022-02-01 07:31:59.863  INFO 218579 --- [main] com.zaxxer.hikari.HikariDataSource       : HikariPool-1 - Starting...
2022-02-01 07:31:59.940  INFO 218579 --- [main] com.zaxxer.hikari.HikariDataSource       : HikariPool-1 - Start completed.
2022-02-01 07:31:59.952  INFO 218579 --- [main] o.s.b.a.h2.H2ConsoleAutoConfiguration    : H2 console available at '/h2-console'. Database available at 'jdbc:h2:mem:userdb'
2022-02-01 07:32:00.069  INFO 218579 --- [main] o.hibernate.jpa.internal.util.LogHelper  : HHH000204: Processing PersistenceUnitInfo [name: default]
2022-02-01 07:32:00.095  INFO 218579 --- [main] org.hibernate.Version                    : HHH000412: Hibernate ORM core version 5.6.4.Final
2022-02-01 07:32:00.196  INFO 218579 --- [main] o.hibernate.annotations.common.Version   : HCANN000001: Hibernate Commons Annotations {5.1.2.Final}
2022-02-01 07:32:00.264  INFO 218579 --- [main] org.hibernate.dialect.Dialect            : HHH000400: Using dialect: org.hibernate.dialect.H2Dialect
2022-02-01 07:32:00.687  INFO 218579 --- [main] o.h.e.t.j.p.i.JtaPlatformInitiator       : HHH000490: Using JtaPlatform implementation: [org.hibernate.engine.transaction.jta.platform.internal.NoJtaPlatform]
2022-02-01 07:32:00.693  INFO 218579 --- [main] j.LocalContainerEntityManagerFactoryBean : Initialized JPA EntityManagerFactory for persistence unit 'default'
2022-02-01 07:32:00.704  INFO 218579 --- [main] f.a.AutowiredAnnotationBeanPostProcessor : Autowired annotation is not supported on static fields: private static final org.slf4j.Logger com.cs544.video.rating.userservice.aop.UserAspect.logger
2022-02-01 07:32:01.218  WARN 218579 --- [main] JpaBaseConfiguration$JpaWebConfiguration : spring.jpa.open-in-view is enabled by default. Therefore, database queries may be performed during view rendering. Explicitly configure spring.jpa.open-in-view to disable this warning
2022-02-01 07:32:01.800  INFO 218579 --- [main] DiscoveryClientOptionalArgsConfiguration : Eureka HTTP Client uses RestTemplate.
2022-02-01 07:32:01.920  WARN 218579 --- [main] iguration$LoadBalancerCaffeineWarnLogger : Spring Cloud LoadBalancer is currently working with the default cache. You can switch to using Caffeine cache, by adding it and org.springframework.cache.caffeine.CaffeineCacheManager to the classpath.
2022-02-01 07:32:01.987  INFO 218579 --- [main] o.s.c.n.eureka.InstanceInfoFactory       : Setting initial instance status as: STARTING
2022-02-01 07:32:02.035  INFO 218579 --- [main] com.netflix.discovery.DiscoveryClient    : Initializing Eureka in region us-east-1
2022-02-01 07:32:02.039  INFO 218579 --- [main] c.n.d.s.r.aws.ConfigClusterResolver      : Resolving eureka endpoints via configuration
2022-02-01 07:32:02.066  INFO 218579 --- [main] com.netflix.discovery.DiscoveryClient    : Disable delta property : false
2022-02-01 07:32:02.066  INFO 218579 --- [main] com.netflix.discovery.DiscoveryClient    : Single vip registry refresh property : null
2022-02-01 07:32:02.066  INFO 218579 --- [main] com.netflix.discovery.DiscoveryClient    : Force full registry fetch : false
2022-02-01 07:32:02.067  INFO 218579 --- [main] com.netflix.discovery.DiscoveryClient    : Application is null : false
2022-02-01 07:32:02.067  INFO 218579 --- [main] com.netflix.discovery.DiscoveryClient    : Registered Applications size is zero : true
2022-02-01 07:32:02.067  INFO 218579 --- [main] com.netflix.discovery.DiscoveryClient    : Application version is -1: true
2022-02-01 07:32:02.067  INFO 218579 --- [main] com.netflix.discovery.DiscoveryClient    : Getting all instance registry info from the eureka server
2022-02-01 07:32:02.366  INFO 218579 --- [main] com.netflix.discovery.DiscoveryClient    : The response status is 200
2022-02-01 07:32:02.372  INFO 218579 --- [main] com.netflix.discovery.DiscoveryClient    : Starting heartbeat executor: renew interval is: 30
2022-02-01 07:32:02.377  INFO 218579 --- [main] c.n.discovery.InstanceInfoReplicator     : InstanceInfoReplicator onDemand update allowed rate per min is 4
2022-02-01 07:32:02.388  INFO 218579 --- [main] com.netflix.discovery.DiscoveryClient    : Discovery Client initialized at timestamp 1643722322388 with initial instances count: 3
2022-02-01 07:32:02.395  INFO 218579 --- [main] o.s.c.n.e.s.EurekaServiceRegistry        : Registering application VR-USER-SERVICE with eureka with status UP
2022-02-01 07:32:02.395  INFO 218579 --- [main] com.netflix.discovery.DiscoveryClient    : Saw local status change event StatusChangeEvent [timestamp=1643722322395, current=UP, previous=STARTING]
2022-02-01 07:32:02.396  INFO 218579 --- [DiscoveryClient-InstanceInfoReplicator-0] com.netflix.discovery.DiscoveryClient    : DiscoveryClient_VR-USER-SERVICE/172.17.16.179:VR-USER-SERVICE:8011: registering service...
2022-02-01 07:32:02.408  INFO 218579 --- [main] o.s.b.w.embedded.tomcat.TomcatWebServer  : Tomcat started on port(s): 8011 (http) with context path ''
2022-02-01 07:32:02.409  INFO 218579 --- [main] .s.c.n.e.s.EurekaAutoServiceRegistration : Updating port to 8011
2022-02-01 07:32:02.430  INFO 218579 --- [main] c.c.v.r.u.UserServiceApplication         : Started UserServiceApplication in 4.891 seconds (JVM running for 5.893)
2022-02-01 07:32:02.434  INFO 218579 --- [main] c.c.v.rating.userservice.aop.UserAspect  : the following User endpoint is hit - saveUser
2022-02-01 07:32:02.435  INFO 218579 --- [DiscoveryClient-InstanceInfoReplicator-0] com.netflix.discovery.DiscoveryClient    : DiscoveryClient_VR-USER-SERVICE/172.17.16.179:VR-USER-SERVICE:8011 - registration status: 204
2022-02-01 07:32:02.487  INFO 218579 --- [main] c.c.v.rating.userservice.aop.UserAspect  : the following User endpoint is hit - saveUser
2022-02-01 07:32:02.489  INFO 218579 --- [main] c.c.v.rating.userservice.aop.UserAspect  : the following User endpoint is hit - saveUser
2022-02-01 07:32:02.491  INFO 218579 --- [main] c.c.v.rating.userservice.aop.UserAspect  : the following User endpoint is hit - saveUserRating
2022-02-01 07:32:02.499  INFO 218579 --- [main] c.c.v.rating.userservice.aop.UserAspect  : the following User endpoint is hit - saveUserRating
2022-02-01 07:32:02.501  INFO 218579 --- [main] c.c.v.rating.userservice.aop.UserAspect  : the following User endpoint is hit - saveUserRating
2022-02-01 07:32:08.968  INFO 218579 --- [http-nio-8011-exec-1] o.a.c.c.C.[Tomcat].[localhost].[/]       : Initializing Spring DispatcherServlet 'dispatcherServlet'
2022-02-01 07:32:08.968  INFO 218579 --- [http-nio-8011-exec-1] o.s.web.servlet.DispatcherServlet        : Initializing Servlet 'dispatcherServlet'
2022-02-01 07:32:08.970  INFO 218579 --- [http-nio-8011-exec-1] o.s.web.servlet.DispatcherServlet        : Completed initialization in 1 ms
2022-02-01 07:32:08.999  INFO 218579 --- [http-nio-8011-exec-1] c.c.v.rating.userservice.aop.UserAspect  : the following User endpoint is hit - getUserRatingByIdWithVideo
2022-02-01 07:32:09.032  INFO 218579 --- [http-nio-8011-exec-1] c.c.v.rating.userservice.aop.UserAspect  : Time to execute getUserRatingByIdWithVideo = 32
2022-02-01 07:32:14.204  INFO 218579 --- [SpringApplicationShutdownHook] o.s.c.n.e.s.EurekaServiceRegistry        : Unregistering application VR-USER-SERVICE with eureka with status DOWN
2022-02-01 07:32:14.204  INFO 218579 --- [SpringApplicationShutdownHook] com.netflix.discovery.DiscoveryClient    : Saw local status change event StatusChangeEvent [timestamp=1643722334204, current=DOWN, previous=UP]
2022-02-01 07:32:14.205  INFO 218579 --- [DiscoveryClient-InstanceInfoReplicator-0] com.netflix.discovery.DiscoveryClient    : DiscoveryClient_VR-USER-SERVICE/172.17.16.179:VR-USER-SERVICE:8011: registering service...
2022-02-01 07:32:14.212  INFO 218579 --- [DiscoveryClient-InstanceInfoReplicator-0] com.netflix.discovery.DiscoveryClient    : DiscoveryClient_VR-USER-SERVICE/172.17.16.179:VR-USER-SERVICE:8011 - registration status: 204
2022-02-01 07:32:14.221  INFO 218579 --- [SpringApplicationShutdownHook] j.LocalContainerEntityManagerFactoryBean : Closing JPA EntityManagerFactory for persistence unit 'default'
2022-02-01 07:32:14.221  INFO 218579 --- [SpringApplicationShutdownHook] .SchemaDropperImpl$DelayedDropActionImpl : HHH000477: Starting delayed evictData of schema as part of SessionFactory shut-down'
2022-02-01 07:32:14.226  INFO 218579 --- [SpringApplicationShutdownHook] com.zaxxer.hikari.HikariDataSource       : HikariPool-1 - Shutdown initiated...
2022-02-01 07:32:14.229  INFO 218579 --- [SpringApplicationShutdownHook] com.zaxxer.hikari.HikariDataSource       : HikariPool-1 - Shutdown completed.
2022-02-01 07:32:14.229  INFO 218579 --- [SpringApplicationShutdownHook] com.netflix.discovery.DiscoveryClient    : Shutting down DiscoveryClient ...
2022-02-01 07:32:17.251  INFO 218579 --- [SpringApplicationShutdownHook] com.netflix.discovery.DiscoveryClient    : Unregistering ...
2022-02-01 07:32:17.261  INFO 218579 --- [SpringApplicationShutdownHook] com.netflix.discovery.DiscoveryClient    : DiscoveryClient_VR-USER-SERVICE/172.17.16.179:VR-USER-SERVICE:8011 - deregister  status: 200
2022-02-01 07:32:17.404  INFO 218579 --- [SpringApplicationShutdownHook] com.netflix.discovery.DiscoveryClient    : Completed shut down of DiscoveryClient
2022-02-01 07:32:22.713  INFO 218724 --- [main] c.c.v.r.u.UserServiceApplication         : Starting UserServiceApplication using Java 17.0.1 on tsitotaw with PID 218724 (/home/tsitotaw/Documents/Solutions/microservices/video-rating/user-service/target/classes started by tsitotaw in /home/tsitotaw/Documents/Solutions/microservices/video-rating/user-service)
2022-02-01 07:32:22.715  INFO 218724 --- [main] c.c.v.r.u.UserServiceApplication         : No active profile set, falling back to default profiles: default
2022-02-01 07:32:23.461  INFO 218724 --- [main] .s.d.r.c.RepositoryConfigurationDelegate : Bootstrapping Spring Data JPA repositories in DEFAULT mode.
2022-02-01 07:32:23.527  INFO 218724 --- [main] .s.d.r.c.RepositoryConfigurationDelegate : Finished Spring Data repository scanning in 58 ms. Found 2 JPA repository interfaces.
2022-02-01 07:32:23.760  INFO 218724 --- [main] o.s.cloud.context.scope.GenericScope     : BeanFactory id=a8c69605-e40b-3a5c-8dbe-e45af2312660
2022-02-01 07:32:24.292  INFO 218724 --- [main] o.s.b.w.embedded.tomcat.TomcatWebServer  : Tomcat initialized with port(s): 8011 (http)
2022-02-01 07:32:24.300  INFO 218724 --- [main] o.apache.catalina.core.StandardService   : Starting service [Tomcat]
2022-02-01 07:32:24.300  INFO 218724 --- [main] org.apache.catalina.core.StandardEngine  : Starting Servlet engine: [Apache Tomcat/9.0.56]
2022-02-01 07:32:24.418  INFO 218724 --- [main] o.a.c.c.C.[Tomcat].[localhost].[/]       : Initializing Spring embedded WebApplicationContext
2022-02-01 07:32:24.418  INFO 218724 --- [main] w.s.c.ServletWebServerApplicationContext : Root WebApplicationContext: initialization completed in 1649 ms
2022-02-01 07:32:24.468  INFO 218724 --- [main] com.zaxxer.hikari.HikariDataSource       : HikariPool-1 - Starting...
2022-02-01 07:32:24.577  INFO 218724 --- [main] com.zaxxer.hikari.HikariDataSource       : HikariPool-1 - Start completed.
2022-02-01 07:32:24.587  INFO 218724 --- [main] o.s.b.a.h2.H2ConsoleAutoConfiguration    : H2 console available at '/h2-console'. Database available at 'jdbc:h2:mem:userdb'
2022-02-01 07:32:24.712  INFO 218724 --- [main] o.hibernate.jpa.internal.util.LogHelper  : HHH000204: Processing PersistenceUnitInfo [name: default]
2022-02-01 07:32:24.747  INFO 218724 --- [main] org.hibernate.Version                    : HHH000412: Hibernate ORM core version 5.6.4.Final
2022-02-01 07:32:24.872  INFO 218724 --- [main] o.hibernate.annotations.common.Version   : HCANN000001: Hibernate Commons Annotations {5.1.2.Final}
2022-02-01 07:32:24.956  INFO 218724 --- [main] org.hibernate.dialect.Dialect            : HHH000400: Using dialect: org.hibernate.dialect.H2Dialect
2022-02-01 07:32:25.519  INFO 218724 --- [main] o.h.e.t.j.p.i.JtaPlatformInitiator       : HHH000490: Using JtaPlatform implementation: [org.hibernate.engine.transaction.jta.platform.internal.NoJtaPlatform]
2022-02-01 07:32:25.526  INFO 218724 --- [main] j.LocalContainerEntityManagerFactoryBean : Initialized JPA EntityManagerFactory for persistence unit 'default'
2022-02-01 07:32:25.538  INFO 218724 --- [main] f.a.AutowiredAnnotationBeanPostProcessor : Autowired annotation is not supported on static fields: private static final org.slf4j.Logger com.cs544.video.rating.userservice.aop.UserAspect.logger
2022-02-01 07:32:26.150  WARN 218724 --- [main] JpaBaseConfiguration$JpaWebConfiguration : spring.jpa.open-in-view is enabled by default. Therefore, database queries may be performed during view rendering. Explicitly configure spring.jpa.open-in-view to disable this warning
2022-02-01 07:32:26.784  INFO 218724 --- [main] DiscoveryClientOptionalArgsConfiguration : Eureka HTTP Client uses RestTemplate.
2022-02-01 07:32:26.933  WARN 218724 --- [main] iguration$LoadBalancerCaffeineWarnLogger : Spring Cloud LoadBalancer is currently working with the default cache. You can switch to using Caffeine cache, by adding it and org.springframework.cache.caffeine.CaffeineCacheManager to the classpath.
2022-02-01 07:32:27.013  INFO 218724 --- [main] o.s.c.n.eureka.InstanceInfoFactory       : Setting initial instance status as: STARTING
2022-02-01 07:32:27.056  INFO 218724 --- [main] com.netflix.discovery.DiscoveryClient    : Initializing Eureka in region us-east-1
2022-02-01 07:32:27.062  INFO 218724 --- [main] c.n.d.s.r.aws.ConfigClusterResolver      : Resolving eureka endpoints via configuration
2022-02-01 07:32:27.090  INFO 218724 --- [main] com.netflix.discovery.DiscoveryClient    : Disable delta property : false
2022-02-01 07:32:27.090  INFO 218724 --- [main] com.netflix.discovery.DiscoveryClient    : Single vip registry refresh property : null
2022-02-01 07:32:27.090  INFO 218724 --- [main] com.netflix.discovery.DiscoveryClient    : Force full registry fetch : false
2022-02-01 07:32:27.090  INFO 218724 --- [main] com.netflix.discovery.DiscoveryClient    : Application is null : false
2022-02-01 07:32:27.091  INFO 218724 --- [main] com.netflix.discovery.DiscoveryClient    : Registered Applications size is zero : true
2022-02-01 07:32:27.091  INFO 218724 --- [main] com.netflix.discovery.DiscoveryClient    : Application version is -1: true
2022-02-01 07:32:27.091  INFO 218724 --- [main] com.netflix.discovery.DiscoveryClient    : Getting all instance registry info from the eureka server
2022-02-01 07:32:27.455  INFO 218724 --- [main] com.netflix.discovery.DiscoveryClient    : The response status is 200
2022-02-01 07:32:27.462  INFO 218724 --- [main] com.netflix.discovery.DiscoveryClient    : Starting heartbeat executor: renew interval is: 30
2022-02-01 07:32:27.468  INFO 218724 --- [main] c.n.discovery.InstanceInfoReplicator     : InstanceInfoReplicator onDemand update allowed rate per min is 4
2022-02-01 07:32:27.480  INFO 218724 --- [main] com.netflix.discovery.DiscoveryClient    : Discovery Client initialized at timestamp 1643722347479 with initial instances count: 3
2022-02-01 07:32:27.489  INFO 218724 --- [main] o.s.c.n.e.s.EurekaServiceRegistry        : Registering application VR-USER-SERVICE with eureka with status UP
2022-02-01 07:32:27.489  INFO 218724 --- [main] com.netflix.discovery.DiscoveryClient    : Saw local status change event StatusChangeEvent [timestamp=1643722347489, current=UP, previous=STARTING]
2022-02-01 07:32:27.491  INFO 218724 --- [DiscoveryClient-InstanceInfoReplicator-0] com.netflix.discovery.DiscoveryClient    : DiscoveryClient_VR-USER-SERVICE/172.17.16.179:VR-USER-SERVICE:8011: registering service...
2022-02-01 07:32:27.507  INFO 218724 --- [main] o.s.b.w.embedded.tomcat.TomcatWebServer  : Tomcat started on port(s): 8011 (http) with context path ''
2022-02-01 07:32:27.508  INFO 218724 --- [main] .s.c.n.e.s.EurekaAutoServiceRegistration : Updating port to 8011
2022-02-01 07:32:27.529  INFO 218724 --- [main] c.c.v.r.u.UserServiceApplication         : Started UserServiceApplication in 5.557 seconds (JVM running for 7.484)
2022-02-01 07:32:27.533  INFO 218724 --- [main] c.c.v.rating.userservice.aop.UserAspect  : the following User endpoint is hit - saveUser
2022-02-01 07:32:27.535  INFO 218724 --- [DiscoveryClient-InstanceInfoReplicator-0] com.netflix.discovery.DiscoveryClient    : DiscoveryClient_VR-USER-SERVICE/172.17.16.179:VR-USER-SERVICE:8011 - registration status: 204
2022-02-01 07:32:27.608  INFO 218724 --- [main] c.c.v.rating.userservice.aop.UserAspect  : the following User endpoint is hit - saveUser
2022-02-01 07:32:27.610  INFO 218724 --- [main] c.c.v.rating.userservice.aop.UserAspect  : the following User endpoint is hit - saveUser
2022-02-01 07:32:27.612  INFO 218724 --- [main] c.c.v.rating.userservice.aop.UserAspect  : the following User endpoint is hit - saveUserRating
2022-02-01 07:32:27.621  INFO 218724 --- [main] c.c.v.rating.userservice.aop.UserAspect  : the following User endpoint is hit - saveUserRating
2022-02-01 07:32:27.623  INFO 218724 --- [main] c.c.v.rating.userservice.aop.UserAspect  : the following User endpoint is hit - saveUserRating
2022-02-01 07:32:31.234  INFO 218724 --- [http-nio-8011-exec-1] o.a.c.c.C.[Tomcat].[localhost].[/]       : Initializing Spring DispatcherServlet 'dispatcherServlet'
2022-02-01 07:32:31.234  INFO 218724 --- [http-nio-8011-exec-1] o.s.web.servlet.DispatcherServlet        : Initializing Servlet 'dispatcherServlet'
2022-02-01 07:32:31.236  INFO 218724 --- [http-nio-8011-exec-1] o.s.web.servlet.DispatcherServlet        : Completed initialization in 2 ms
2022-02-01 07:32:31.268  INFO 218724 --- [http-nio-8011-exec-1] c.c.v.rating.userservice.aop.UserAspect  : the following User endpoint is hit - getUserRatingByIdWithVideo
2022-02-01 07:33:39.898  WARN 218724 --- [HikariPool-1 housekeeper] com.zaxxer.hikari.pool.HikariPool        : HikariPool-1 - Thread starvation or clock leap detected (housekeeper delta=1m15s220ms267µs996ns).
2022-02-01 07:33:39.975  INFO 218724 --- [http-nio-8011-exec-1] c.c.v.rating.userservice.aop.UserAspect  : Time to execute getUserRatingByIdWithVideo = 68686
2022-02-01 07:33:40.032  INFO 218724 --- [SpringApplicationShutdownHook] o.s.c.n.e.s.EurekaServiceRegistry        : Unregistering application VR-USER-SERVICE with eureka with status DOWN
2022-02-01 07:33:40.033  INFO 218724 --- [SpringApplicationShutdownHook] com.netflix.discovery.DiscoveryClient    : Saw local status change event StatusChangeEvent [timestamp=1643722420032, current=DOWN, previous=UP]
2022-02-01 07:33:40.033  INFO 218724 --- [DiscoveryClient-InstanceInfoReplicator-0] com.netflix.discovery.DiscoveryClient    : DiscoveryClient_VR-USER-SERVICE/172.17.16.179:VR-USER-SERVICE:8011: registering service...
2022-02-01 07:33:40.036  INFO 218724 --- [DiscoveryClient-InstanceInfoReplicator-0] com.netflix.discovery.DiscoveryClient    : DiscoveryClient_VR-USER-SERVICE/172.17.16.179:VR-USER-SERVICE:8011 - registration status: 204
2022-02-01 07:33:40.046  INFO 218724 --- [SpringApplicationShutdownHook] j.LocalContainerEntityManagerFactoryBean : Closing JPA EntityManagerFactory for persistence unit 'default'
2022-02-01 07:33:40.047  INFO 218724 --- [SpringApplicationShutdownHook] .SchemaDropperImpl$DelayedDropActionImpl : HHH000477: Starting delayed evictData of schema as part of SessionFactory shut-down'
2022-02-01 07:33:40.048  WARN 218724 --- [SpringApplicationShutdownHook] o.h.engine.jdbc.spi.SqlExceptionHelper   : SQL Error: 90121, SQLState: 90121
2022-02-01 07:33:40.049 ERROR 218724 --- [SpringApplicationShutdownHook] o.h.engine.jdbc.spi.SqlExceptionHelper   : Database is already closed (to disable automatic closing at VM shutdown, add ";DB_CLOSE_ON_EXIT=FALSE" to the db URL) [90121-200]
2022-02-01 07:33:40.050  WARN 218724 --- [SpringApplicationShutdownHook] o.h.engine.jdbc.spi.SqlExceptionHelper   : SQL Error: 90121, SQLState: 90121
2022-02-01 07:33:40.050 ERROR 218724 --- [SpringApplicationShutdownHook] o.h.engine.jdbc.spi.SqlExceptionHelper   : Database is already closed (to disable automatic closing at VM shutdown, add ";DB_CLOSE_ON_EXIT=FALSE" to the db URL) [90121-200]
2022-02-01 07:33:40.050  WARN 218724 --- [SpringApplicationShutdownHook] o.s.b.f.support.DisposableBeanAdapter    : Invocation of destroy method failed on bean with name 'entityManagerFactory': org.hibernate.exception.JDBCConnectionException: Unable to release JDBC Connection used for DDL execution
2022-02-01 07:33:40.051  INFO 218724 --- [SpringApplicationShutdownHook] com.zaxxer.hikari.HikariDataSource       : HikariPool-1 - Shutdown initiated...
2022-02-01 07:33:40.053  INFO 218724 --- [SpringApplicationShutdownHook] com.zaxxer.hikari.HikariDataSource       : HikariPool-1 - Shutdown completed.
2022-02-01 07:33:40.053  INFO 218724 --- [SpringApplicationShutdownHook] com.netflix.discovery.DiscoveryClient    : Shutting down DiscoveryClient ...
2022-02-01 07:33:43.072  INFO 218724 --- [SpringApplicationShutdownHook] com.netflix.discovery.DiscoveryClient    : Unregistering ...
2022-02-01 07:33:43.083  INFO 218724 --- [SpringApplicationShutdownHook] com.netflix.discovery.DiscoveryClient    : DiscoveryClient_VR-USER-SERVICE/172.17.16.179:VR-USER-SERVICE:8011 - deregister  status: 200
2022-02-01 07:33:43.201  INFO 218724 --- [SpringApplicationShutdownHook] com.netflix.discovery.DiscoveryClient    : Completed shut down of DiscoveryClient
2022-02-01 07:33:51.936  INFO 218963 --- [main] c.c.v.r.u.UserServiceApplication         : Starting UserServiceApplication using Java 17.0.1 on tsitotaw with PID 218963 (/home/tsitotaw/Documents/Solutions/microservices/video-rating/user-service/target/classes started by tsitotaw in /home/tsitotaw/Documents/Solutions/microservices/video-rating/user-service)
2022-02-01 07:33:51.939  INFO 218963 --- [main] c.c.v.r.u.UserServiceApplication         : No active profile set, falling back to default profiles: default
2022-02-01 07:33:52.718  INFO 218963 --- [main] .s.d.r.c.RepositoryConfigurationDelegate : Bootstrapping Spring Data JPA repositories in DEFAULT mode.
2022-02-01 07:33:52.789  INFO 218963 --- [main] .s.d.r.c.RepositoryConfigurationDelegate : Finished Spring Data repository scanning in 62 ms. Found 2 JPA repository interfaces.
2022-02-01 07:33:53.066  INFO 218963 --- [main] o.s.cloud.context.scope.GenericScope     : BeanFactory id=a8c69605-e40b-3a5c-8dbe-e45af2312660
2022-02-01 07:33:53.635  INFO 218963 --- [main] o.s.b.w.embedded.tomcat.TomcatWebServer  : Tomcat initialized with port(s): 8011 (http)
2022-02-01 07:33:53.651  INFO 218963 --- [main] o.apache.catalina.core.StandardService   : Starting service [Tomcat]
2022-02-01 07:33:53.652  INFO 218963 --- [main] org.apache.catalina.core.StandardEngine  : Starting Servlet engine: [Apache Tomcat/9.0.56]
2022-02-01 07:33:53.765  INFO 218963 --- [main] o.a.c.c.C.[Tomcat].[localhost].[/]       : Initializing Spring embedded WebApplicationContext
2022-02-01 07:33:53.765  INFO 218963 --- [main] w.s.c.ServletWebServerApplicationContext : Root WebApplicationContext: initialization completed in 1767 ms
2022-02-01 07:33:53.810  INFO 218963 --- [main] com.zaxxer.hikari.HikariDataSource       : HikariPool-1 - Starting...
2022-02-01 07:33:53.910  INFO 218963 --- [main] com.zaxxer.hikari.HikariDataSource       : HikariPool-1 - Start completed.
2022-02-01 07:33:53.925  INFO 218963 --- [main] o.s.b.a.h2.H2ConsoleAutoConfiguration    : H2 console available at '/h2-console'. Database available at 'jdbc:h2:mem:userdb'
2022-02-01 07:33:54.070  INFO 218963 --- [main] o.hibernate.jpa.internal.util.LogHelper  : HHH000204: Processing PersistenceUnitInfo [name: default]
2022-02-01 07:33:54.115  INFO 218963 --- [main] org.hibernate.Version                    : HHH000412: Hibernate ORM core version 5.6.4.Final
2022-02-01 07:33:54.277  INFO 218963 --- [main] o.hibernate.annotations.common.Version   : HCANN000001: Hibernate Commons Annotations {5.1.2.Final}
2022-02-01 07:33:54.365  INFO 218963 --- [main] org.hibernate.dialect.Dialect            : HHH000400: Using dialect: org.hibernate.dialect.H2Dialect
2022-02-01 07:33:54.978  INFO 218963 --- [main] o.h.e.t.j.p.i.JtaPlatformInitiator       : HHH000490: Using JtaPlatform implementation: [org.hibernate.engine.transaction.jta.platform.internal.NoJtaPlatform]
2022-02-01 07:33:54.987  INFO 218963 --- [main] j.LocalContainerEntityManagerFactoryBean : Initialized JPA EntityManagerFactory for persistence unit 'default'
2022-02-01 07:33:55.011  INFO 218963 --- [main] f.a.AutowiredAnnotationBeanPostProcessor : Autowired annotation is not supported on static fields: private static final org.slf4j.Logger com.cs544.video.rating.userservice.aop.UserAspect.logger
2022-02-01 07:33:55.655  WARN 218963 --- [main] JpaBaseConfiguration$JpaWebConfiguration : spring.jpa.open-in-view is enabled by default. Therefore, database queries may be performed during view rendering. Explicitly configure spring.jpa.open-in-view to disable this warning
2022-02-01 07:33:56.344  INFO 218963 --- [main] DiscoveryClientOptionalArgsConfiguration : Eureka HTTP Client uses RestTemplate.
2022-02-01 07:33:56.475  WARN 218963 --- [main] iguration$LoadBalancerCaffeineWarnLogger : Spring Cloud LoadBalancer is currently working with the default cache. You can switch to using Caffeine cache, by adding it and org.springframework.cache.caffeine.CaffeineCacheManager to the classpath.
2022-02-01 07:33:56.558  INFO 218963 --- [main] o.s.c.n.eureka.InstanceInfoFactory       : Setting initial instance status as: STARTING
2022-02-01 07:33:56.601  INFO 218963 --- [main] com.netflix.discovery.DiscoveryClient    : Initializing Eureka in region us-east-1
2022-02-01 07:33:56.605  INFO 218963 --- [main] c.n.d.s.r.aws.ConfigClusterResolver      : Resolving eureka endpoints via configuration
2022-02-01 07:33:56.637  INFO 218963 --- [main] com.netflix.discovery.DiscoveryClient    : Disable delta property : false
2022-02-01 07:33:56.637  INFO 218963 --- [main] com.netflix.discovery.DiscoveryClient    : Single vip registry refresh property : null
2022-02-01 07:33:56.638  INFO 218963 --- [main] com.netflix.discovery.DiscoveryClient    : Force full registry fetch : false
2022-02-01 07:33:56.638  INFO 218963 --- [main] com.netflix.discovery.DiscoveryClient    : Application is null : false
2022-02-01 07:33:56.638  INFO 218963 --- [main] com.netflix.discovery.DiscoveryClient    : Registered Applications size is zero : true
2022-02-01 07:33:56.638  INFO 218963 --- [main] com.netflix.discovery.DiscoveryClient    : Application version is -1: true
2022-02-01 07:33:56.638  INFO 218963 --- [main] com.netflix.discovery.DiscoveryClient    : Getting all instance registry info from the eureka server
2022-02-01 07:33:57.019  INFO 218963 --- [main] com.netflix.discovery.DiscoveryClient    : The response status is 200
2022-02-01 07:33:57.026  INFO 218963 --- [main] com.netflix.discovery.DiscoveryClient    : Starting heartbeat executor: renew interval is: 30
2022-02-01 07:33:57.032  INFO 218963 --- [main] c.n.discovery.InstanceInfoReplicator     : InstanceInfoReplicator onDemand update allowed rate per min is 4
2022-02-01 07:33:57.045  INFO 218963 --- [main] com.netflix.discovery.DiscoveryClient    : Discovery Client initialized at timestamp 1643722437044 with initial instances count: 4
2022-02-01 07:33:57.051  INFO 218963 --- [main] o.s.c.n.e.s.EurekaServiceRegistry        : Registering application VR-USER-SERVICE with eureka with status UP
2022-02-01 07:33:57.052  INFO 218963 --- [main] com.netflix.discovery.DiscoveryClient    : Saw local status change event StatusChangeEvent [timestamp=1643722437052, current=UP, previous=STARTING]
2022-02-01 07:33:57.053  INFO 218963 --- [DiscoveryClient-InstanceInfoReplicator-0] com.netflix.discovery.DiscoveryClient    : DiscoveryClient_VR-USER-SERVICE/172.17.16.179:VR-USER-SERVICE:8011: registering service...
2022-02-01 07:33:57.065  INFO 218963 --- [main] o.s.b.w.embedded.tomcat.TomcatWebServer  : Tomcat started on port(s): 8011 (http) with context path ''
2022-02-01 07:33:57.066  INFO 218963 --- [main] .s.c.n.e.s.EurekaAutoServiceRegistration : Updating port to 8011
2022-02-01 07:33:57.084  INFO 218963 --- [main] c.c.v.r.u.UserServiceApplication         : Started UserServiceApplication in 5.868 seconds (JVM running for 7.285)
2022-02-01 07:33:57.089  INFO 218963 --- [main] c.c.v.rating.userservice.aop.UserAspect  : the following User endpoint is hit - saveUser
2022-02-01 07:33:57.095  INFO 218963 --- [DiscoveryClient-InstanceInfoReplicator-0] com.netflix.discovery.DiscoveryClient    : DiscoveryClient_VR-USER-SERVICE/172.17.16.179:VR-USER-SERVICE:8011 - registration status: 204
2022-02-01 07:33:57.157  INFO 218963 --- [main] c.c.v.rating.userservice.aop.UserAspect  : the following User endpoint is hit - saveUser
2022-02-01 07:33:57.159  INFO 218963 --- [main] c.c.v.rating.userservice.aop.UserAspect  : the following User endpoint is hit - saveUser
2022-02-01 07:33:57.161  INFO 218963 --- [main] c.c.v.rating.userservice.aop.UserAspect  : the following User endpoint is hit - saveUserRating
2022-02-01 07:33:57.169  INFO 218963 --- [main] c.c.v.rating.userservice.aop.UserAspect  : the following User endpoint is hit - saveUserRating
2022-02-01 07:33:57.171  INFO 218963 --- [main] c.c.v.rating.userservice.aop.UserAspect  : the following User endpoint is hit - saveUserRating
2022-02-01 07:34:19.171  INFO 218963 --- [http-nio-8011-exec-1] o.a.c.c.C.[Tomcat].[localhost].[/]       : Initializing Spring DispatcherServlet 'dispatcherServlet'
2022-02-01 07:34:19.173  INFO 218963 --- [http-nio-8011-exec-1] o.s.web.servlet.DispatcherServlet        : Initializing Servlet 'dispatcherServlet'
2022-02-01 07:34:19.175  INFO 218963 --- [http-nio-8011-exec-1] o.s.web.servlet.DispatcherServlet        : Completed initialization in 2 ms
2022-02-01 07:34:19.367  INFO 218963 --- [http-nio-8011-exec-1] c.c.v.rating.userservice.aop.UserAspect  : the following User endpoint is hit - getUserRatingByIdWithVideo
2022-02-01 07:34:31.999  INFO 218963 --- [SpringApplicationShutdownHook] o.s.c.n.e.s.EurekaServiceRegistry        : Unregistering application VR-USER-SERVICE with eureka with status DOWN
2022-02-01 07:34:31.999  INFO 218963 --- [SpringApplicationShutdownHook] com.netflix.discovery.DiscoveryClient    : Saw local status change event StatusChangeEvent [timestamp=1643722471999, current=DOWN, previous=UP]
2022-02-01 07:34:32.000  INFO 218963 --- [DiscoveryClient-InstanceInfoReplicator-0] com.netflix.discovery.DiscoveryClient    : DiscoveryClient_VR-USER-SERVICE/172.17.16.179:VR-USER-SERVICE:8011: registering service...
2022-02-01 07:34:32.005  INFO 218963 --- [DiscoveryClient-InstanceInfoReplicator-0] com.netflix.discovery.DiscoveryClient    : DiscoveryClient_VR-USER-SERVICE/172.17.16.179:VR-USER-SERVICE:8011 - registration status: 204
2022-02-01 07:34:32.010  INFO 218963 --- [http-nio-8011-exec-1] c.c.v.rating.userservice.aop.UserAspect  : Time to execute getUserRatingByIdWithVideo = 12642
2022-02-01 07:34:32.023  INFO 218963 --- [http-nio-8011-exec-1] c.c.v.rating.userservice.aop.UserAspect  : the following Exception is thrown - org.springframework.orm.jpa.JpaSystemException
2022-02-01 07:34:32.035  WARN 218963 --- [http-nio-8011-exec-1] o.h.engine.jdbc.spi.SqlExceptionHelper   : SQL Error: 90121, SQLState: 90121
2022-02-01 07:34:32.036 ERROR 218963 --- [http-nio-8011-exec-1] o.h.engine.jdbc.spi.SqlExceptionHelper   : Database is already closed (to disable automatic closing at VM shutdown, add ";DB_CLOSE_ON_EXIT=FALSE" to the db URL) [90121-200]
2022-02-01 07:34:32.043 ERROR 218963 --- [http-nio-8011-exec-1] o.s.orm.jpa.EntityManagerFactoryUtils    : Failed to release JPA EntityManager

org.hibernate.exception.JDBCConnectionException: Unable to release JDBC Connection
	at org.hibernate.exception.internal.SQLExceptionTypeDelegate.convert(SQLExceptionTypeDelegate.java:48) ~[hibernate-core-5.6.4.Final.jar:5.6.4.Final]
	at org.hibernate.exception.internal.StandardSQLExceptionConverter.convert(StandardSQLExceptionConverter.java:37) ~[hibernate-core-5.6.4.Final.jar:5.6.4.Final]
	at org.hibernate.engine.jdbc.spi.SqlExceptionHelper.convert(SqlExceptionHelper.java:113) ~[hibernate-core-5.6.4.Final.jar:5.6.4.Final]
	at org.hibernate.engine.jdbc.spi.SqlExceptionHelper.convert(SqlExceptionHelper.java:99) ~[hibernate-core-5.6.4.Final.jar:5.6.4.Final]
	at org.hibernate.resource.jdbc.internal.LogicalConnectionManagedImpl.releaseConnection(LogicalConnectionManagedImpl.java:223) ~[hibernate-core-5.6.4.Final.jar:5.6.4.Final]
	at org.hibernate.resource.jdbc.internal.LogicalConnectionManagedImpl.close(LogicalConnectionManagedImpl.java:261) ~[hibernate-core-5.6.4.Final.jar:5.6.4.Final]
	at org.hibernate.engine.jdbc.internal.JdbcCoordinatorImpl.close(JdbcCoordinatorImpl.java:175) ~[hibernate-core-5.6.4.Final.jar:5.6.4.Final]
	at org.hibernate.internal.AbstractSharedSessionContract.close(AbstractSharedSessionContract.java:374) ~[hibernate-core-5.6.4.Final.jar:5.6.4.Final]
	at org.hibernate.internal.SessionImpl.closeWithoutOpenChecks(SessionImpl.java:417) ~[hibernate-core-5.6.4.Final.jar:5.6.4.Final]
	at org.hibernate.internal.SessionImpl.close(SessionImpl.java:402) ~[hibernate-core-5.6.4.Final.jar:5.6.4.Final]
	at java.base/jdk.internal.reflect.NativeMethodAccessorImpl.invoke0(Native Method) ~[na:na]
	at java.base/jdk.internal.reflect.NativeMethodAccessorImpl.invoke(NativeMethodAccessorImpl.java:77) ~[na:na]
	at java.base/jdk.internal.reflect.DelegatingMethodAccessorImpl.invoke(DelegatingMethodAccessorImpl.java:43) ~[na:na]
	at java.base/java.lang.reflect.Method.invoke(Method.java:568) ~[na:na]
	at org.springframework.orm.jpa.ExtendedEntityManagerCreator$ExtendedEntityManagerInvocationHandler.invoke(ExtendedEntityManagerCreator.java:362) ~[spring-orm-5.3.15.jar:5.3.15]
	at jdk.proxy2/jdk.proxy2.$Proxy126.close(Unknown Source) ~[na:na]
	at org.springframework.orm.jpa.EntityManagerFactoryUtils.closeEntityManager(EntityManagerFactoryUtils.java:427) ~[spring-orm-5.3.15.jar:5.3.15]
	at org.springframework.orm.jpa.support.OpenEntityManagerInViewInterceptor.afterCompletion(OpenEntityManagerInViewInterceptor.java:112) ~[spring-orm-5.3.15.jar:5.3.15]
	at org.springframework.web.servlet.handler.WebRequestHandlerInterceptorAdapter.afterCompletion(WebRequestHandlerInterceptorAdapter.java:73) ~[spring-webmvc-5.3.15.jar:5.3.15]
	at org.springframework.web.servlet.HandlerExecutionChain.triggerAfterCompletion(HandlerExecutionChain.java:178) ~[spring-webmvc-5.3.15.jar:5.3.15]
	at org.springframework.web.servlet.DispatcherServlet.triggerAfterCompletion(DispatcherServlet.java:1455) ~[spring-webmvc-5.3.15.jar:5.3.15]
	at org.springframework.web.servlet.DispatcherServlet.doDispatch(DispatcherServlet.java:1087) ~[spring-webmvc-5.3.15.jar:5.3.15]
	at org.springframework.web.servlet.DispatcherServlet.doService(DispatcherServlet.java:963) ~[spring-webmvc-5.3.15.jar:5.3.15]
	at org.springframework.web.servlet.FrameworkServlet.processRequest(FrameworkServlet.java:1006) ~[spring-webmvc-5.3.15.jar:5.3.15]
	at org.springframework.web.servlet.FrameworkServlet.doGet(FrameworkServlet.java:898) ~[spring-webmvc-5.3.15.jar:5.3.15]
	at javax.servlet.http.HttpServlet.service(HttpServlet.java:655) ~[tomcat-embed-core-9.0.56.jar:4.0.FR]
	at org.springframework.web.servlet.FrameworkServlet.service(FrameworkServlet.java:883) ~[spring-webmvc-5.3.15.jar:5.3.15]
	at javax.servlet.http.HttpServlet.service(HttpServlet.java:764) ~[tomcat-embed-core-9.0.56.jar:4.0.FR]
	at org.apache.catalina.core.ApplicationFilterChain.internalDoFilter(ApplicationFilterChain.java:227) ~[tomcat-embed-core-9.0.56.jar:9.0.56]
	at org.apache.catalina.core.ApplicationFilterChain.doFilter(ApplicationFilterChain.java:162) ~[tomcat-embed-core-9.0.56.jar:9.0.56]
	at org.apache.tomcat.websocket.server.WsFilter.doFilter(WsFilter.java:53) ~[tomcat-embed-websocket-9.0.56.jar:9.0.56]
	at org.apache.catalina.core.ApplicationFilterChain.internalDoFilter(ApplicationFilterChain.java:189) ~[tomcat-embed-core-9.0.56.jar:9.0.56]
	at org.apache.catalina.core.ApplicationFilterChain.doFilter(ApplicationFilterChain.java:162) ~[tomcat-embed-core-9.0.56.jar:9.0.56]
	at org.springframework.web.filter.RequestContextFilter.doFilterInternal(RequestContextFilter.java:100) ~[spring-web-5.3.15.jar:5.3.15]
	at org.springframework.web.filter.OncePerRequestFilter.doFilter(OncePerRequestFilter.java:117) ~[spring-web-5.3.15.jar:5.3.15]
	at org.apache.catalina.core.ApplicationFilterChain.internalDoFilter(ApplicationFilterChain.java:189) ~[tomcat-embed-core-9.0.56.jar:9.0.56]
	at org.apache.catalina.core.ApplicationFilterChain.doFilter(ApplicationFilterChain.java:162) ~[tomcat-embed-core-9.0.56.jar:9.0.56]
	at org.springframework.web.filter.FormContentFilter.doFilterInternal(FormContentFilter.java:93) ~[spring-web-5.3.15.jar:5.3.15]
	at org.springframework.web.filter.OncePerRequestFilter.doFilter(OncePerRequestFilter.java:117) ~[spring-web-5.3.15.jar:5.3.15]
	at org.apache.catalina.core.ApplicationFilterChain.internalDoFilter(ApplicationFilterChain.java:189) ~[tomcat-embed-core-9.0.56.jar:9.0.56]
	at org.apache.catalina.core.ApplicationFilterChain.doFilter(ApplicationFilterChain.java:162) ~[tomcat-embed-core-9.0.56.jar:9.0.56]
	at org.springframework.web.filter.CharacterEncodingFilter.doFilterInternal(CharacterEncodingFilter.java:201) ~[spring-web-5.3.15.jar:5.3.15]
	at org.springframework.web.filter.OncePerRequestFilter.doFilter(OncePerRequestFilter.java:117) ~[spring-web-5.3.15.jar:5.3.15]
	at org.apache.catalina.core.ApplicationFilterChain.internalDoFilter(ApplicationFilterChain.java:189) ~[tomcat-embed-core-9.0.56.jar:9.0.56]
	at org.apache.catalina.core.ApplicationFilterChain.doFilter(ApplicationFilterChain.java:162) ~[tomcat-embed-core-9.0.56.jar:9.0.56]
	at org.apache.catalina.core.StandardWrapperValve.invoke(StandardWrapperValve.java:197) ~[tomcat-embed-core-9.0.56.jar:9.0.56]
	at org.apache.catalina.core.StandardContextValve.invoke(StandardContextValve.java:97) ~[tomcat-embed-core-9.0.56.jar:9.0.56]
	at org.apache.catalina.authenticator.AuthenticatorBase.invoke(AuthenticatorBase.java:540) ~[tomcat-embed-core-9.0.56.jar:9.0.56]
	at org.apache.catalina.core.StandardHostValve.invoke(StandardHostValve.java:135) ~[tomcat-embed-core-9.0.56.jar:9.0.56]
	at org.apache.catalina.valves.ErrorReportValve.invoke(ErrorReportValve.java:92) ~[tomcat-embed-core-9.0.56.jar:9.0.56]
	at org.apache.catalina.core.StandardEngineValve.invoke(StandardEngineValve.java:78) ~[tomcat-embed-core-9.0.56.jar:9.0.56]
	at org.apache.catalina.connector.CoyoteAdapter.service(CoyoteAdapter.java:357) ~[tomcat-embed-core-9.0.56.jar:9.0.56]
	at org.apache.coyote.http11.Http11Processor.service(Http11Processor.java:382) ~[tomcat-embed-core-9.0.56.jar:9.0.56]
	at org.apache.coyote.AbstractProcessorLight.process(AbstractProcessorLight.java:65) ~[tomcat-embed-core-9.0.56.jar:9.0.56]
	at org.apache.coyote.AbstractProtocol$ConnectionHandler.process(AbstractProtocol.java:895) ~[tomcat-embed-core-9.0.56.jar:9.0.56]
	at org.apache.tomcat.util.net.NioEndpoint$SocketProcessor.doRun(NioEndpoint.java:1732) ~[tomcat-embed-core-9.0.56.jar:9.0.56]
	at org.apache.tomcat.util.net.SocketProcessorBase.run(SocketProcessorBase.java:49) ~[tomcat-embed-core-9.0.56.jar:9.0.56]
	at org.apache.tomcat.util.threads.ThreadPoolExecutor.runWorker(ThreadPoolExecutor.java:1191) ~[tomcat-embed-core-9.0.56.jar:9.0.56]
	at org.apache.tomcat.util.threads.ThreadPoolExecutor$Worker.run(ThreadPoolExecutor.java:659) ~[tomcat-embed-core-9.0.56.jar:9.0.56]
	at org.apache.tomcat.util.threads.TaskThread$WrappingRunnable.run(TaskThread.java:61) ~[tomcat-embed-core-9.0.56.jar:9.0.56]
	at java.base/java.lang.Thread.run(Thread.java:833) ~[na:na]
Caused by: org.h2.jdbc.JdbcSQLNonTransientConnectionException: Database is already closed (to disable automatic closing at VM shutdown, add ";DB_CLOSE_ON_EXIT=FALSE" to the db URL) [90121-200]
	at org.h2.message.DbException.getJdbcSQLException(DbException.java:622) ~[h2-1.4.200.jar:1.4.200]
	at org.h2.message.DbException.getJdbcSQLException(DbException.java:429) ~[h2-1.4.200.jar:1.4.200]
	at org.h2.message.DbException.get(DbException.java:205) ~[h2-1.4.200.jar:1.4.200]
	at org.h2.message.DbException.get(DbException.java:181) ~[h2-1.4.200.jar:1.4.200]
	at org.h2.message.DbException.get(DbException.java:170) ~[h2-1.4.200.jar:1.4.200]
	at org.h2.jdbc.JdbcConnection.checkClosed(JdbcConnection.java:1514) ~[h2-1.4.200.jar:1.4.200]
	at org.h2.jdbc.JdbcConnection.checkClosedForWrite(JdbcConnection.java:1500) ~[h2-1.4.200.jar:1.4.200]
	at org.h2.jdbc.JdbcConnection.rollback(JdbcConnection.java:556) ~[h2-1.4.200.jar:1.4.200]
	at com.zaxxer.hikari.pool.ProxyConnection.close(ProxyConnection.java:257) ~[HikariCP-4.0.3.jar:na]
	at org.hibernate.engine.jdbc.connections.internal.DatasourceConnectionProviderImpl.closeConnection(DatasourceConnectionProviderImpl.java:127) ~[hibernate-core-5.6.4.Final.jar:5.6.4.Final]
	at org.hibernate.internal.NonContextualJdbcConnectionAccess.releaseConnection(NonContextualJdbcConnectionAccess.java:49) ~[hibernate-core-5.6.4.Final.jar:5.6.4.Final]
	at org.hibernate.resource.jdbc.internal.LogicalConnectionManagedImpl.releaseConnection(LogicalConnectionManagedImpl.java:219) ~[hibernate-core-5.6.4.Final.jar:5.6.4.Final]
	... 56 common frames omitted

2022-02-01 07:34:32.141  INFO 218963 --- [SpringApplicationShutdownHook] j.LocalContainerEntityManagerFactoryBean : Closing JPA EntityManagerFactory for persistence unit 'default'
2022-02-01 07:34:32.144  INFO 218963 --- [SpringApplicationShutdownHook] .SchemaDropperImpl$DelayedDropActionImpl : HHH000477: Starting delayed evictData of schema as part of SessionFactory shut-down'
2022-02-01 07:34:32.157  INFO 218963 --- [SpringApplicationShutdownHook] com.zaxxer.hikari.HikariDataSource       : HikariPool-1 - Shutdown initiated...
2022-02-01 07:34:32.166  INFO 218963 --- [SpringApplicationShutdownHook] com.zaxxer.hikari.HikariDataSource       : HikariPool-1 - Shutdown completed.
2022-02-01 07:34:32.166  INFO 218963 --- [SpringApplicationShutdownHook] com.netflix.discovery.DiscoveryClient    : Shutting down DiscoveryClient ...
2022-02-01 07:34:35.186  INFO 218963 --- [SpringApplicationShutdownHook] com.netflix.discovery.DiscoveryClient    : Unregistering ...
2022-02-01 07:34:35.196  INFO 218963 --- [SpringApplicationShutdownHook] com.netflix.discovery.DiscoveryClient    : DiscoveryClient_VR-USER-SERVICE/172.17.16.179:VR-USER-SERVICE:8011 - deregister  status: 200
2022-02-01 07:34:35.335  INFO 218963 --- [SpringApplicationShutdownHook] com.netflix.discovery.DiscoveryClient    : Completed shut down of DiscoveryClient
2022-02-01 07:34:42.749  INFO 219150 --- [main] c.c.v.r.u.UserServiceApplication         : Starting UserServiceApplication using Java 17.0.1 on tsitotaw with PID 219150 (/home/tsitotaw/Documents/Solutions/microservices/video-rating/user-service/target/classes started by tsitotaw in /home/tsitotaw/Documents/Solutions/microservices/video-rating/user-service)
2022-02-01 07:34:42.751  INFO 219150 --- [main] c.c.v.r.u.UserServiceApplication         : No active profile set, falling back to default profiles: default
2022-02-01 07:34:43.782  INFO 219150 --- [main] .s.d.r.c.RepositoryConfigurationDelegate : Bootstrapping Spring Data JPA repositories in DEFAULT mode.
2022-02-01 07:34:43.862  INFO 219150 --- [main] .s.d.r.c.RepositoryConfigurationDelegate : Finished Spring Data repository scanning in 68 ms. Found 2 JPA repository interfaces.
2022-02-01 07:34:44.133  INFO 219150 --- [main] o.s.cloud.context.scope.GenericScope     : BeanFactory id=a8c69605-e40b-3a5c-8dbe-e45af2312660
2022-02-01 07:34:44.824  INFO 219150 --- [main] o.s.b.w.embedded.tomcat.TomcatWebServer  : Tomcat initialized with port(s): 8011 (http)
2022-02-01 07:34:44.838  INFO 219150 --- [main] o.apache.catalina.core.StandardService   : Starting service [Tomcat]
2022-02-01 07:34:44.839  INFO 219150 --- [main] org.apache.catalina.core.StandardEngine  : Starting Servlet engine: [Apache Tomcat/9.0.56]
2022-02-01 07:34:45.062  INFO 219150 --- [main] o.a.c.c.C.[Tomcat].[localhost].[/]       : Initializing Spring embedded WebApplicationContext
2022-02-01 07:34:45.065  INFO 219150 --- [main] w.s.c.ServletWebServerApplicationContext : Root WebApplicationContext: initialization completed in 2260 ms
2022-02-01 07:34:45.197  INFO 219150 --- [main] com.zaxxer.hikari.HikariDataSource       : HikariPool-1 - Starting...
2022-02-01 07:34:45.443  INFO 219150 --- [main] com.zaxxer.hikari.HikariDataSource       : HikariPool-1 - Start completed.
2022-02-01 07:34:45.478  INFO 219150 --- [main] o.s.b.a.h2.H2ConsoleAutoConfiguration    : H2 console available at '/h2-console'. Database available at 'jdbc:h2:mem:userdb'
2022-02-01 07:34:45.907  INFO 219150 --- [main] o.hibernate.jpa.internal.util.LogHelper  : HHH000204: Processing PersistenceUnitInfo [name: default]
2022-02-01 07:34:45.997  INFO 219150 --- [main] org.hibernate.Version                    : HHH000412: Hibernate ORM core version 5.6.4.Final
2022-02-01 07:34:46.233  INFO 219150 --- [main] o.hibernate.annotations.common.Version   : HCANN000001: Hibernate Commons Annotations {5.1.2.Final}
2022-02-01 07:34:46.377  INFO 219150 --- [main] org.hibernate.dialect.Dialect            : HHH000400: Using dialect: org.hibernate.dialect.H2Dialect
2022-02-01 07:34:47.234  INFO 219150 --- [main] o.h.e.t.j.p.i.JtaPlatformInitiator       : HHH000490: Using JtaPlatform implementation: [org.hibernate.engine.transaction.jta.platform.internal.NoJtaPlatform]
2022-02-01 07:34:47.246  INFO 219150 --- [main] j.LocalContainerEntityManagerFactoryBean : Initialized JPA EntityManagerFactory for persistence unit 'default'
2022-02-01 07:34:47.263  INFO 219150 --- [main] f.a.AutowiredAnnotationBeanPostProcessor : Autowired annotation is not supported on static fields: private static final org.slf4j.Logger com.cs544.video.rating.userservice.aop.UserAspect.logger
2022-02-01 07:34:48.133  WARN 219150 --- [main] JpaBaseConfiguration$JpaWebConfiguration : spring.jpa.open-in-view is enabled by default. Therefore, database queries may be performed during view rendering. Explicitly configure spring.jpa.open-in-view to disable this warning
2022-02-01 07:34:49.040  INFO 219150 --- [main] DiscoveryClientOptionalArgsConfiguration : Eureka HTTP Client uses RestTemplate.
2022-02-01 07:34:49.293  WARN 219150 --- [main] iguration$LoadBalancerCaffeineWarnLogger : Spring Cloud LoadBalancer is currently working with the default cache. You can switch to using Caffeine cache, by adding it and org.springframework.cache.caffeine.CaffeineCacheManager to the classpath.
2022-02-01 07:34:49.392  INFO 219150 --- [main] o.s.c.n.eureka.InstanceInfoFactory       : Setting initial instance status as: STARTING
2022-02-01 07:34:49.439  INFO 219150 --- [main] com.netflix.discovery.DiscoveryClient    : Initializing Eureka in region us-east-1
2022-02-01 07:34:49.443  INFO 219150 --- [main] c.n.d.s.r.aws.ConfigClusterResolver      : Resolving eureka endpoints via configuration
2022-02-01 07:34:49.478  INFO 219150 --- [main] com.netflix.discovery.DiscoveryClient    : Disable delta property : false
2022-02-01 07:34:49.478  INFO 219150 --- [main] com.netflix.discovery.DiscoveryClient    : Single vip registry refresh property : null
2022-02-01 07:34:49.478  INFO 219150 --- [main] com.netflix.discovery.DiscoveryClient    : Force full registry fetch : false
2022-02-01 07:34:49.478  INFO 219150 --- [main] com.netflix.discovery.DiscoveryClient    : Application is null : false
2022-02-01 07:34:49.479  INFO 219150 --- [main] com.netflix.discovery.DiscoveryClient    : Registered Applications size is zero : true
2022-02-01 07:34:49.479  INFO 219150 --- [main] com.netflix.discovery.DiscoveryClient    : Application version is -1: true
2022-02-01 07:34:49.481  INFO 219150 --- [main] com.netflix.discovery.DiscoveryClient    : Getting all instance registry info from the eureka server
2022-02-01 07:34:50.015  INFO 219150 --- [main] com.netflix.discovery.DiscoveryClient    : The response status is 200
2022-02-01 07:34:50.022  INFO 219150 --- [main] com.netflix.discovery.DiscoveryClient    : Starting heartbeat executor: renew interval is: 30
2022-02-01 07:34:50.029  INFO 219150 --- [main] c.n.discovery.InstanceInfoReplicator     : InstanceInfoReplicator onDemand update allowed rate per min is 4
2022-02-01 07:34:50.046  INFO 219150 --- [main] com.netflix.discovery.DiscoveryClient    : Discovery Client initialized at timestamp 1643722490044 with initial instances count: 4
2022-02-01 07:34:50.056  INFO 219150 --- [main] o.s.c.n.e.s.EurekaServiceRegistry        : Registering application VR-USER-SERVICE with eureka with status UP
2022-02-01 07:34:50.056  INFO 219150 --- [main] com.netflix.discovery.DiscoveryClient    : Saw local status change event StatusChangeEvent [timestamp=1643722490056, current=UP, previous=STARTING]
2022-02-01 07:34:50.058  INFO 219150 --- [DiscoveryClient-InstanceInfoReplicator-0] com.netflix.discovery.DiscoveryClient    : DiscoveryClient_VR-USER-SERVICE/172.17.16.179:VR-USER-SERVICE:8011: registering service...
2022-02-01 07:34:50.076  INFO 219150 --- [main] o.s.b.w.embedded.tomcat.TomcatWebServer  : Tomcat started on port(s): 8011 (http) with context path ''
2022-02-01 07:34:50.077  INFO 219150 --- [main] .s.c.n.e.s.EurekaAutoServiceRegistration : Updating port to 8011
2022-02-01 07:34:50.103  INFO 219150 --- [main] c.c.v.r.u.UserServiceApplication         : Started UserServiceApplication in 8.02 seconds (JVM running for 9.396)
2022-02-01 07:34:50.108  INFO 219150 --- [main] c.c.v.rating.userservice.aop.UserAspect  : the following User endpoint is hit - saveUser
2022-02-01 07:34:50.116  INFO 219150 --- [DiscoveryClient-InstanceInfoReplicator-0] com.netflix.discovery.DiscoveryClient    : DiscoveryClient_VR-USER-SERVICE/172.17.16.179:VR-USER-SERVICE:8011 - registration status: 204
2022-02-01 07:34:50.189  INFO 219150 --- [main] c.c.v.rating.userservice.aop.UserAspect  : the following User endpoint is hit - saveUser
2022-02-01 07:34:50.192  INFO 219150 --- [main] c.c.v.rating.userservice.aop.UserAspect  : the following User endpoint is hit - saveUser
2022-02-01 07:34:50.195  INFO 219150 --- [main] c.c.v.rating.userservice.aop.UserAspect  : the following User endpoint is hit - saveUserRating
2022-02-01 07:34:50.203  INFO 219150 --- [main] c.c.v.rating.userservice.aop.UserAspect  : the following User endpoint is hit - saveUserRating
2022-02-01 07:34:50.205  INFO 219150 --- [main] c.c.v.rating.userservice.aop.UserAspect  : the following User endpoint is hit - saveUserRating
2022-02-01 07:34:53.761  INFO 219150 --- [http-nio-8011-exec-1] o.a.c.c.C.[Tomcat].[localhost].[/]       : Initializing Spring DispatcherServlet 'dispatcherServlet'
2022-02-01 07:34:53.761  INFO 219150 --- [http-nio-8011-exec-1] o.s.web.servlet.DispatcherServlet        : Initializing Servlet 'dispatcherServlet'
2022-02-01 07:34:53.763  INFO 219150 --- [http-nio-8011-exec-1] o.s.web.servlet.DispatcherServlet        : Completed initialization in 2 ms
2022-02-01 07:34:53.800  INFO 219150 --- [http-nio-8011-exec-1] c.c.v.rating.userservice.aop.UserAspect  : the following User endpoint is hit - getUserRatingByIdWithVideo
2022-02-01 07:35:07.502  INFO 219150 --- [http-nio-8011-exec-1] c.c.v.rating.userservice.aop.UserAspect  : Time to execute getUserRatingByIdWithVideo = 13701
2022-02-01 07:35:12.363  INFO 219150 --- [http-nio-8011-exec-2] c.c.v.rating.userservice.aop.UserAspect  : the following User endpoint is hit - getUserRatingByIdWithVideo
2022-02-01 07:35:12.516  INFO 219150 --- [http-nio-8011-exec-2] c.c.v.rating.userservice.aop.UserAspect  : Time to execute getUserRatingByIdWithVideo = 153
2022-02-01 07:37:14.930  INFO 219150 --- [SpringApplicationShutdownHook] o.s.c.n.e.s.EurekaServiceRegistry        : Unregistering application VR-USER-SERVICE with eureka with status DOWN
2022-02-01 07:37:14.931  INFO 219150 --- [SpringApplicationShutdownHook] com.netflix.discovery.DiscoveryClient    : Saw local status change event StatusChangeEvent [timestamp=1643722634931, current=DOWN, previous=UP]
2022-02-01 07:37:14.931  INFO 219150 --- [DiscoveryClient-InstanceInfoReplicator-0] com.netflix.discovery.DiscoveryClient    : DiscoveryClient_VR-USER-SERVICE/172.17.16.179:VR-USER-SERVICE:8011: registering service...
2022-02-01 07:37:14.938  INFO 219150 --- [DiscoveryClient-InstanceInfoReplicator-0] com.netflix.discovery.DiscoveryClient    : DiscoveryClient_VR-USER-SERVICE/172.17.16.179:VR-USER-SERVICE:8011 - registration status: 204
2022-02-01 07:37:14.959  INFO 219150 --- [SpringApplicationShutdownHook] j.LocalContainerEntityManagerFactoryBean : Closing JPA EntityManagerFactory for persistence unit 'default'
2022-02-01 07:37:14.960  INFO 219150 --- [SpringApplicationShutdownHook] .SchemaDropperImpl$DelayedDropActionImpl : HHH000477: Starting delayed evictData of schema as part of SessionFactory shut-down'
2022-02-01 07:37:14.966  INFO 219150 --- [SpringApplicationShutdownHook] com.zaxxer.hikari.HikariDataSource       : HikariPool-1 - Shutdown initiated...
2022-02-01 07:37:14.969  INFO 219150 --- [SpringApplicationShutdownHook] com.zaxxer.hikari.HikariDataSource       : HikariPool-1 - Shutdown completed.
2022-02-01 07:37:14.970  INFO 219150 --- [SpringApplicationShutdownHook] com.netflix.discovery.DiscoveryClient    : Shutting down DiscoveryClient ...
2022-02-01 07:37:17.991  INFO 219150 --- [SpringApplicationShutdownHook] com.netflix.discovery.DiscoveryClient    : Unregistering ...
2022-02-01 07:37:17.998  INFO 219150 --- [SpringApplicationShutdownHook] com.netflix.discovery.DiscoveryClient    : DiscoveryClient_VR-USER-SERVICE/172.17.16.179:VR-USER-SERVICE:8011 - deregister  status: 200
2022-02-01 07:37:18.074  INFO 219150 --- [SpringApplicationShutdownHook] com.netflix.discovery.DiscoveryClient    : Completed shut down of DiscoveryClient
2022-02-01 07:37:24.802  INFO 219447 --- [main] c.c.v.r.u.UserServiceApplication         : Starting UserServiceApplication using Java 17.0.1 on tsitotaw with PID 219447 (/home/tsitotaw/Documents/Solutions/microservices/video-rating/user-service/target/classes started by tsitotaw in /home/tsitotaw/Documents/Solutions/microservices/video-rating/user-service)
2022-02-01 07:37:24.809  INFO 219447 --- [main] c.c.v.r.u.UserServiceApplication         : No active profile set, falling back to default profiles: default
2022-02-01 07:37:25.673  INFO 219447 --- [main] .s.d.r.c.RepositoryConfigurationDelegate : Bootstrapping Spring Data JPA repositories in DEFAULT mode.
2022-02-01 07:37:25.737  INFO 219447 --- [main] .s.d.r.c.RepositoryConfigurationDelegate : Finished Spring Data repository scanning in 55 ms. Found 2 JPA repository interfaces.
2022-02-01 07:37:25.959  INFO 219447 --- [main] o.s.cloud.context.scope.GenericScope     : BeanFactory id=a8c69605-e40b-3a5c-8dbe-e45af2312660
2022-02-01 07:37:26.488  INFO 219447 --- [main] o.s.b.w.embedded.tomcat.TomcatWebServer  : Tomcat initialized with port(s): 8011 (http)
2022-02-01 07:37:26.496  INFO 219447 --- [main] o.apache.catalina.core.StandardService   : Starting service [Tomcat]
2022-02-01 07:37:26.496  INFO 219447 --- [main] org.apache.catalina.core.StandardEngine  : Starting Servlet engine: [Apache Tomcat/9.0.56]
2022-02-01 07:37:26.609  INFO 219447 --- [main] o.a.c.c.C.[Tomcat].[localhost].[/]       : Initializing Spring embedded WebApplicationContext
2022-02-01 07:37:26.610  INFO 219447 --- [main] w.s.c.ServletWebServerApplicationContext : Root WebApplicationContext: initialization completed in 1699 ms
2022-02-01 07:37:26.658  INFO 219447 --- [main] com.zaxxer.hikari.HikariDataSource       : HikariPool-1 - Starting...
2022-02-01 07:37:26.749  INFO 219447 --- [main] com.zaxxer.hikari.HikariDataSource       : HikariPool-1 - Start completed.
2022-02-01 07:37:26.760  INFO 219447 --- [main] o.s.b.a.h2.H2ConsoleAutoConfiguration    : H2 console available at '/h2-console'. Database available at 'jdbc:h2:mem:userdb'
2022-02-01 07:37:26.889  INFO 219447 --- [main] o.hibernate.jpa.internal.util.LogHelper  : HHH000204: Processing PersistenceUnitInfo [name: default]
2022-02-01 07:37:26.919  INFO 219447 --- [main] org.hibernate.Version                    : HHH000412: Hibernate ORM core version 5.6.4.Final
2022-02-01 07:37:27.025  INFO 219447 --- [main] o.hibernate.annotations.common.Version   : HCANN000001: Hibernate Commons Annotations {5.1.2.Final}
2022-02-01 07:37:27.103  INFO 219447 --- [main] org.hibernate.dialect.Dialect            : HHH000400: Using dialect: org.hibernate.dialect.H2Dialect
2022-02-01 07:37:27.617  INFO 219447 --- [main] o.h.e.t.j.p.i.JtaPlatformInitiator       : HHH000490: Using JtaPlatform implementation: [org.hibernate.engine.transaction.jta.platform.internal.NoJtaPlatform]
2022-02-01 07:37:27.622  INFO 219447 --- [main] j.LocalContainerEntityManagerFactoryBean : Initialized JPA EntityManagerFactory for persistence unit 'default'
2022-02-01 07:37:27.634  INFO 219447 --- [main] f.a.AutowiredAnnotationBeanPostProcessor : Autowired annotation is not supported on static fields: private static final org.slf4j.Logger com.cs544.video.rating.userservice.aop.UserAspect.logger
2022-02-01 07:37:28.244  WARN 219447 --- [main] JpaBaseConfiguration$JpaWebConfiguration : spring.jpa.open-in-view is enabled by default. Therefore, database queries may be performed during view rendering. Explicitly configure spring.jpa.open-in-view to disable this warning
2022-02-01 07:37:28.941  INFO 219447 --- [main] DiscoveryClientOptionalArgsConfiguration : Eureka HTTP Client uses RestTemplate.
2022-02-01 07:37:29.094  WARN 219447 --- [main] iguration$LoadBalancerCaffeineWarnLogger : Spring Cloud LoadBalancer is currently working with the default cache. You can switch to using Caffeine cache, by adding it and org.springframework.cache.caffeine.CaffeineCacheManager to the classpath.
2022-02-01 07:37:29.172  INFO 219447 --- [main] o.s.c.n.eureka.InstanceInfoFactory       : Setting initial instance status as: STARTING
2022-02-01 07:37:29.212  INFO 219447 --- [main] com.netflix.discovery.DiscoveryClient    : Initializing Eureka in region us-east-1
2022-02-01 07:37:29.215  INFO 219447 --- [main] c.n.d.s.r.aws.ConfigClusterResolver      : Resolving eureka endpoints via configuration
2022-02-01 07:37:29.253  INFO 219447 --- [main] com.netflix.discovery.DiscoveryClient    : Disable delta property : false
2022-02-01 07:37:29.254  INFO 219447 --- [main] com.netflix.discovery.DiscoveryClient    : Single vip registry refresh property : null
2022-02-01 07:37:29.254  INFO 219447 --- [main] com.netflix.discovery.DiscoveryClient    : Force full registry fetch : false
2022-02-01 07:37:29.254  INFO 219447 --- [main] com.netflix.discovery.DiscoveryClient    : Application is null : false
2022-02-01 07:37:29.254  INFO 219447 --- [main] com.netflix.discovery.DiscoveryClient    : Registered Applications size is zero : true
2022-02-01 07:37:29.254  INFO 219447 --- [main] com.netflix.discovery.DiscoveryClient    : Application version is -1: true
2022-02-01 07:37:29.254  INFO 219447 --- [main] com.netflix.discovery.DiscoveryClient    : Getting all instance registry info from the eureka server
2022-02-01 07:37:29.595  INFO 219447 --- [main] com.netflix.discovery.DiscoveryClient    : The response status is 200
2022-02-01 07:37:29.601  INFO 219447 --- [main] com.netflix.discovery.DiscoveryClient    : Starting heartbeat executor: renew interval is: 30
2022-02-01 07:37:29.607  INFO 219447 --- [main] c.n.discovery.InstanceInfoReplicator     : InstanceInfoReplicator onDemand update allowed rate per min is 4
2022-02-01 07:37:29.622  INFO 219447 --- [main] com.netflix.discovery.DiscoveryClient    : Discovery Client initialized at timestamp 1643722649621 with initial instances count: 4
2022-02-01 07:37:29.630  INFO 219447 --- [main] o.s.c.n.e.s.EurekaServiceRegistry        : Registering application VR-USER-SERVICE with eureka with status UP
2022-02-01 07:37:29.630  INFO 219447 --- [main] com.netflix.discovery.DiscoveryClient    : Saw local status change event StatusChangeEvent [timestamp=1643722649630, current=UP, previous=STARTING]
2022-02-01 07:37:29.632  INFO 219447 --- [DiscoveryClient-InstanceInfoReplicator-0] com.netflix.discovery.DiscoveryClient    : DiscoveryClient_VR-USER-SERVICE/172.17.16.179:VR-USER-SERVICE:8011: registering service...
2022-02-01 07:37:29.648  INFO 219447 --- [main] o.s.b.w.embedded.tomcat.TomcatWebServer  : Tomcat started on port(s): 8011 (http) with context path ''
2022-02-01 07:37:29.650  INFO 219447 --- [main] .s.c.n.e.s.EurekaAutoServiceRegistration : Updating port to 8011
2022-02-01 07:37:29.670  INFO 219447 --- [main] c.c.v.r.u.UserServiceApplication         : Started UserServiceApplication in 5.604 seconds (JVM running for 7.037)
2022-02-01 07:37:29.674  INFO 219447 --- [main] c.c.v.rating.userservice.aop.UserAspect  : the following User endpoint is hit - saveUser
2022-02-01 07:37:29.676  INFO 219447 --- [DiscoveryClient-InstanceInfoReplicator-0] com.netflix.discovery.DiscoveryClient    : DiscoveryClient_VR-USER-SERVICE/172.17.16.179:VR-USER-SERVICE:8011 - registration status: 204
2022-02-01 07:37:29.741  INFO 219447 --- [main] c.c.v.rating.userservice.aop.UserAspect  : the following User endpoint is hit - saveUser
2022-02-01 07:37:29.743  INFO 219447 --- [main] c.c.v.rating.userservice.aop.UserAspect  : the following User endpoint is hit - saveUser
2022-02-01 07:37:29.746  INFO 219447 --- [main] c.c.v.rating.userservice.aop.UserAspect  : the following User endpoint is hit - saveUserRating
2022-02-01 07:37:29.754  INFO 219447 --- [main] c.c.v.rating.userservice.aop.UserAspect  : the following User endpoint is hit - saveUserRating
2022-02-01 07:37:29.756  INFO 219447 --- [main] c.c.v.rating.userservice.aop.UserAspect  : the following User endpoint is hit - saveUserRating
2022-02-01 07:42:29.259  INFO 219447 --- [AsyncResolver-bootstrap-executor-0] c.n.d.s.r.aws.ConfigClusterResolver      : Resolving eureka endpoints via configuration
2022-02-01 07:47:29.260  INFO 219447 --- [AsyncResolver-bootstrap-executor-0] c.n.d.s.r.aws.ConfigClusterResolver      : Resolving eureka endpoints via configuration
2022-02-01 07:52:29.265  INFO 219447 --- [AsyncResolver-bootstrap-executor-0] c.n.d.s.r.aws.ConfigClusterResolver      : Resolving eureka endpoints via configuration
2022-02-01 07:57:29.266  INFO 219447 --- [AsyncResolver-bootstrap-executor-0] c.n.d.s.r.aws.ConfigClusterResolver      : Resolving eureka endpoints via configuration
2022-02-01 08:02:29.268  INFO 219447 --- [AsyncResolver-bootstrap-executor-0] c.n.d.s.r.aws.ConfigClusterResolver      : Resolving eureka endpoints via configuration
2022-02-01 08:07:29.268  INFO 219447 --- [AsyncResolver-bootstrap-executor-0] c.n.d.s.r.aws.ConfigClusterResolver      : Resolving eureka endpoints via configuration
2022-02-01 08:12:29.269  INFO 219447 --- [AsyncResolver-bootstrap-executor-0] c.n.d.s.r.aws.ConfigClusterResolver      : Resolving eureka endpoints via configuration
2022-02-01 08:17:29.274  INFO 219447 --- [AsyncResolver-bootstrap-executor-0] c.n.d.s.r.aws.ConfigClusterResolver      : Resolving eureka endpoints via configuration
2022-02-01 08:22:29.276  INFO 219447 --- [AsyncResolver-bootstrap-executor-0] c.n.d.s.r.aws.ConfigClusterResolver      : Resolving eureka endpoints via configuration
2022-02-01 08:27:29.277  INFO 219447 --- [AsyncResolver-bootstrap-executor-0] c.n.d.s.r.aws.ConfigClusterResolver      : Resolving eureka endpoints via configuration
2022-02-01 08:32:29.279  INFO 219447 --- [AsyncResolver-bootstrap-executor-0] c.n.d.s.r.aws.ConfigClusterResolver      : Resolving eureka endpoints via configuration
2022-02-01 08:37:29.280  INFO 219447 --- [AsyncResolver-bootstrap-executor-0] c.n.d.s.r.aws.ConfigClusterResolver      : Resolving eureka endpoints via configuration
2022-02-01 08:42:29.281  INFO 219447 --- [AsyncResolver-bootstrap-executor-0] c.n.d.s.r.aws.ConfigClusterResolver      : Resolving eureka endpoints via configuration
2022-02-01 09:35:29.914  INFO 219447 --- [AsyncResolver-bootstrap-executor-0] c.n.d.s.r.aws.ConfigClusterResolver      : Resolving eureka endpoints via configuration
2022-02-01 09:40:29.916  INFO 219447 --- [AsyncResolver-bootstrap-executor-0] c.n.d.s.r.aws.ConfigClusterResolver      : Resolving eureka endpoints via configuration
2022-02-01 09:45:29.921  INFO 219447 --- [AsyncResolver-bootstrap-executor-0] c.n.d.s.r.aws.ConfigClusterResolver      : Resolving eureka endpoints via configuration
2022-02-01 09:50:29.922  INFO 219447 --- [AsyncResolver-bootstrap-executor-0] c.n.d.s.r.aws.ConfigClusterResolver      : Resolving eureka endpoints via configuration
2022-02-01 09:55:29.923  INFO 219447 --- [AsyncResolver-bootstrap-executor-0] c.n.d.s.r.aws.ConfigClusterResolver      : Resolving eureka endpoints via configuration
2022-02-01 10:00:29.928  INFO 219447 --- [AsyncResolver-bootstrap-executor-0] c.n.d.s.r.aws.ConfigClusterResolver      : Resolving eureka endpoints via configuration
2022-02-01 10:05:29.929  INFO 219447 --- [AsyncResolver-bootstrap-executor-0] c.n.d.s.r.aws.ConfigClusterResolver      : Resolving eureka endpoints via configuration
2022-02-01 10:10:29.930  INFO 219447 --- [AsyncResolver-bootstrap-executor-0] c.n.d.s.r.aws.ConfigClusterResolver      : Resolving eureka endpoints via configuration
2022-02-01 10:15:29.931  INFO 219447 --- [AsyncResolver-bootstrap-executor-0] c.n.d.s.r.aws.ConfigClusterResolver      : Resolving eureka endpoints via configuration
2022-02-01 10:20:29.932  INFO 219447 --- [AsyncResolver-bootstrap-executor-0] c.n.d.s.r.aws.ConfigClusterResolver      : Resolving eureka endpoints via configuration
2022-02-01 10:25:29.933  INFO 219447 --- [AsyncResolver-bootstrap-executor-0] c.n.d.s.r.aws.ConfigClusterResolver      : Resolving eureka endpoints via configuration
2022-02-01 10:30:29.935  INFO 219447 --- [AsyncResolver-bootstrap-executor-0] c.n.d.s.r.aws.ConfigClusterResolver      : Resolving eureka endpoints via configuration
2022-02-01 10:35:29.936  INFO 219447 --- [AsyncResolver-bootstrap-executor-0] c.n.d.s.r.aws.ConfigClusterResolver      : Resolving eureka endpoints via configuration
2022-02-01 10:40:29.937  INFO 219447 --- [AsyncResolver-bootstrap-executor-0] c.n.d.s.r.aws.ConfigClusterResolver      : Resolving eureka endpoints via configuration
2022-02-01 10:45:29.938  INFO 219447 --- [AsyncResolver-bootstrap-executor-0] c.n.d.s.r.aws.ConfigClusterResolver      : Resolving eureka endpoints via configuration
2022-02-01 10:50:29.939  INFO 219447 --- [AsyncResolver-bootstrap-executor-0] c.n.d.s.r.aws.ConfigClusterResolver      : Resolving eureka endpoints via configuration
2022-02-01 10:55:29.940  INFO 219447 --- [AsyncResolver-bootstrap-executor-0] c.n.d.s.r.aws.ConfigClusterResolver      : Resolving eureka endpoints via configuration
2022-02-01 11:00:43.365  INFO 219447 --- [AsyncResolver-bootstrap-executor-0] c.n.d.s.r.aws.ConfigClusterResolver      : Resolving eureka endpoints via configuration
2022-02-01 11:02:26.155  INFO 219447 --- [http-nio-8011-exec-1] o.a.c.c.C.[Tomcat].[localhost].[/]       : Initializing Spring DispatcherServlet 'dispatcherServlet'
2022-02-01 11:02:26.155  INFO 219447 --- [http-nio-8011-exec-1] o.s.web.servlet.DispatcherServlet        : Initializing Servlet 'dispatcherServlet'
2022-02-01 11:02:26.157  INFO 219447 --- [http-nio-8011-exec-1] o.s.web.servlet.DispatcherServlet        : Completed initialization in 2 ms
2022-02-01 11:02:26.197  INFO 219447 --- [http-nio-8011-exec-1] c.c.v.rating.userservice.aop.UserAspect  : the following User endpoint is hit - getUserRatingByIdWithVideo
2022-02-01 11:02:26.393  INFO 219447 --- [http-nio-8011-exec-1] c.c.v.rating.userservice.aop.UserAspect  : Time to execute getUserRatingByIdWithVideo = 196
2022-02-01 11:05:43.366  INFO 219447 --- [AsyncResolver-bootstrap-executor-0] c.n.d.s.r.aws.ConfigClusterResolver      : Resolving eureka endpoints via configuration
2022-02-01 11:10:43.367  INFO 219447 --- [AsyncResolver-bootstrap-executor-0] c.n.d.s.r.aws.ConfigClusterResolver      : Resolving eureka endpoints via configuration
2022-02-01 11:15:43.369  INFO 219447 --- [AsyncResolver-bootstrap-executor-0] c.n.d.s.r.aws.ConfigClusterResolver      : Resolving eureka endpoints via configuration
2022-02-01 11:17:21.871  INFO 219447 --- [http-nio-8011-exec-3] c.c.v.rating.userservice.aop.UserAspect  : the following User endpoint is hit - getUserById
2022-02-01 11:20:43.370  INFO 219447 --- [AsyncResolver-bootstrap-executor-0] c.n.d.s.r.aws.ConfigClusterResolver      : Resolving eureka endpoints via configuration
2022-02-01 11:24:10.522  INFO 219447 --- [http-nio-8011-exec-5] c.c.v.rating.userservice.aop.UserAspect  : the following User endpoint is hit - getAll
2022-02-01 11:24:21.454  INFO 219447 --- [http-nio-8011-exec-6] c.c.v.rating.userservice.aop.UserAspect  : the following User endpoint is hit - getUserRatingByIdWithVideo
2022-02-01 11:24:21.626  INFO 219447 --- [http-nio-8011-exec-6] c.c.v.rating.userservice.aop.UserAspect  : Time to execute getUserRatingByIdWithVideo = 172
2022-02-01 11:25:43.372  INFO 219447 --- [AsyncResolver-bootstrap-executor-0] c.n.d.s.r.aws.ConfigClusterResolver      : Resolving eureka endpoints via configuration
2022-02-01 12:45:16.703  INFO 219447 --- [DiscoveryClient-HeartbeatExecutor-0] com.netflix.discovery.DiscoveryClient    : DiscoveryClient_VR-USER-SERVICE/172.17.16.179:VR-USER-SERVICE:8011 - Re-registering apps/VR-USER-SERVICE
2022-02-01 12:45:16.704  INFO 219447 --- [DiscoveryClient-HeartbeatExecutor-0] com.netflix.discovery.DiscoveryClient    : DiscoveryClient_VR-USER-SERVICE/172.17.16.179:VR-USER-SERVICE:8011: registering service...
2022-02-01 12:45:16.710  INFO 219447 --- [DiscoveryClient-HeartbeatExecutor-0] com.netflix.discovery.DiscoveryClient    : DiscoveryClient_VR-USER-SERVICE/172.17.16.179:VR-USER-SERVICE:8011 - registration status: 204
2022-02-01 12:46:44.321  INFO 219447 --- [AsyncResolver-bootstrap-executor-0] c.n.d.s.r.aws.ConfigClusterResolver      : Resolving eureka endpoints via configuration
2022-02-01 12:51:44.322  INFO 219447 --- [AsyncResolver-bootstrap-executor-0] c.n.d.s.r.aws.ConfigClusterResolver      : Resolving eureka endpoints via configuration
2022-02-01 12:56:44.322  INFO 219447 --- [AsyncResolver-bootstrap-executor-0] c.n.d.s.r.aws.ConfigClusterResolver      : Resolving eureka endpoints via configuration
2022-02-01 13:01:44.323  INFO 219447 --- [AsyncResolver-bootstrap-executor-0] c.n.d.s.r.aws.ConfigClusterResolver      : Resolving eureka endpoints via configuration
2022-02-01 13:06:44.325  INFO 219447 --- [AsyncResolver-bootstrap-executor-0] c.n.d.s.r.aws.ConfigClusterResolver      : Resolving eureka endpoints via configuration
2022-02-01 13:11:44.326  INFO 219447 --- [AsyncResolver-bootstrap-executor-0] c.n.d.s.r.aws.ConfigClusterResolver      : Resolving eureka endpoints via configuration
2022-02-01 13:16:44.327  INFO 219447 --- [AsyncResolver-bootstrap-executor-0] c.n.d.s.r.aws.ConfigClusterResolver      : Resolving eureka endpoints via configuration
